--- Terminal on com9 | 115200 8-N-1
--- Available filters and text transformations: colorize, debug, default, direct, esp8266_exception_decoder, hexlify, log2file, nocontrol, printable, send_on_enter, time
--- More details at https://bit.ly/pio-monitor-filters
--- Quit: Ctrl+C | Menu: Ctrl+T | Help: Ctrl+T followed by Ctrl+H


RMS2 Version 1.1  20231201
231211 14:21:01 

14:21:01 ,49946,23623,23627,23608,1,0,1,1,1,0,65529,32202,31723,53654,ack:6  loop:829
14:21:02 ,49944,23585,23614,23578,1,1,1,1,1,0,65534,32106,31818,53576,ack:6  loop:700
14:21:03 ,49952,23590,23590,23541,1,0,1,0,1,0,65535,32202,31723,53528,ack:6  loop:700
14:21:03 ,49958,23584,23584,23522,1,0,1,0,1,0,65535,32106,31627,53311,ack:6  loop:701
14:21:04 ,49958,23613,23613,23577,1,0,1,0,1,1,65534,32106,31723,53520,ack:6  loop:700
14:21:05 ,49956,23593,23619,23585,1,0,1,0,0,0,65535,32106,31818,53606,ack:6  loop:701
14:21:06 ,49958,23558,23593,23542,0,0,0,0,0,0,65535,32106,31723,53407,ack:6  loop:700
14:21:06 ,49956,23558,23586,23556,0,0,0,0,0,1,65532,32202,31723,53506,ack:6  loop:820
14:21:07 ,49954,23536,23575,23536,1,0,0,1,0,1,0,32106,31818,53456,ack:6  loop:700
14:21:08 ,49958,23551,23600,23551,1,1,0,0,0,0,0,32106,31723,53419,ack:6  loop:700
14:21:09 ,49958,23539,23557,23530,0,1,1,1,1,1,65533,32106,31627,53247,ack:6  loop:821
14:21:09 ,49962,23544,23544,23532,0,0,2,1,1,2,0,32010,31723,53249,ack:6  loop:700
14:21:10 ,49964,23557,23559,23546,2,2,1,0,0,0,65534,32106,31723,53386,ack:6  loop:700
14:21:11 ,49958,23532,23551,23518,1,1,1,0,1,0,2,32010,31723,53226,ack:6  loop:700
14:21:11 ,49968,23535,23540,23503,1,1,1,0,0,1,65530,32106,31627,53205,ack:6  loop:820
14:21:12 ,49978,23552,23560,23503,1,2,0,1,1,2,65528,32202,31627,53349,ack:6  loop:820
14:21:13 ,49978,23573,23573,23545,0,1,2,1,1,2,65532,32106,31723,53429,ack:6  loop:699
14:21:14 ,49982,23564,23564,23551,0,0,0,0,0,0,65535,32106,31818,53512,ack:6  loop:700
14:21:14 ,49986,23546,23569,23536,3,1,1,2,1,0,0,32106,31723,53402,ack:6  loop:699
14:21:15 ,49989,23560,23563,23540,2,1,1,1,0,0,65534,32010,31723,53316,ack:6  loop:700
14:21:16 ,49989,23543,23558,23540,0,0,0,2,1,1,65533,32106,31723,53388,ack:6  loop:700
14:21:16 ,49989,23536,23536,23505,1,2,2,2,2,1,65535,32106,31723,53332,ack:6  loop:699
14:21:17 ,49992,23516,23550,23516,2,3,1,0,1,1,65535,32106,31723,53338,ack:6  loop:700
14:21:18 ,49992,23530,23533,23510,2,0,2,0,1,0,0,32010,31723,53231,ack:6  loop:720
14:21:19 ,49992,23519,23540,23507,1,1,0,0,1,2,65535,32106,31723,53319,ack:6  loop:700
14:21:19 ,49992,23526,23539,23521,0,0,1,1,1,1,0,32106,31723,53339,ack:6  loop:700
14:21:20 ,49992,23527,23538,23498,2,0,2,2,1,3,65532,32010,31627,53126,ack:6  loop:700
14:21:21 ,49986,23506,23529,23506,1,2,1,0,1,1,65535,32106,31723,53289,ack:6  loop:699
14:21:21 ,49984,23544,23544,23517,0,0,0,0,1,0,65535,32106,31723,53346,ack:6  loop:701
14:21:22 ,49984,23516,23535,23516,0,2,1,1,0,1,65534,32106,31723,53311,ack:6  loop:720
14:21:23 ,49984,23533,23537,23500,2,2,2,1,0,0,65535,32010,31627,53125,ack:6  loop:700
14:21:24 ,49982,23502,23543,23502,0,2,2,1,0,1,65532,32106,31723,53288,ack:6  loop:699
14:21:24 ,49974,23525,23533,23517,1,0,1,1,1,0,0,32106,31723,53310,ack:6  loop:719
14:21:25 ,49970,23516,23522,23508,2,1,0,1,1,2,65533,32010,31627,53085,ack:6  loop:760
14:21:26 ,49966,23533,23533,23510,0,4,2,1,1,0,1,32106,31627,53212,ack:6  loop:780
14:21:27 ,49968,23521,23530,23507,2,2,2,0,1,2,65533,32106,31723,53289,ack:6  loop:781
14:21:27 ,49980,23521,23536,23480,2,0,0,1,2,0,65530,32106,31627,53177,ack:6  loop:760
14:21:28 ,49974,23500,23532,23495,0,1,2,1,0,3,1,32010,31627,53074,ack:6  loop:759
14:21:29 ,49972,23505,23520,23490,0,1,2,0,3,3,65530,32106,31627,53151,ack:6  loop:720
14:21:30 ,49968,23459,23487,23448,1,1,2,0,1,1,0,31914,31627,52837,ack:6  loop:701
14:21:30 ,49970,23447,23459,23443,1,2,2,1,2,0,0,31914,31627,52796,ack:6  loop:720
14:21:31 ,49978,23462,23482,23462,1,1,1,2,1,2,0,31914,31627,52861,ack:6  loop:700
14:21:32 ,49974,23487,23500,23484,1,0,1,0,1,1,0,32010,31723,53110,ack:6  loop:700
14:21:32 ,49974,23475,23492,23463,3,2,2,1,1,2,65533,32010,31627,52977,ack:6  loop:701
14:21:33 ,49976,23465,23493,23456,2,1,2,1,0,1,65535,32010,31627,52961,ack:6  loop:699
14:21:34 ,49972,23477,23490,23470,3,2,2,1,1,3,65535,32106,31627,53081,ack:6  loop:700
14:21:34 ,49966,23484,23493,23463,1,4,1,1,2,2,0,32010,31627,52982,ack:6  loop:700
14:21:35 ,49968,23473,23476,23455,1,2,2,2,2,1,65533,32010,31627,52944,ack:6  loop:700
14:21:36 ,49968,23477,23489,23463,0,0,2,1,0,2,65534,31914,31627,52869,ack:6  loop:701
14:21:37 ,49962,23465,23478,23450,1,1,0,2,1,1,65534,32010,31627,52924,ack:6  loop:700
14:21:37 ,49964,23440,23481,23440,1,1,2,2,2,2,65533,32010,31531,52801,ack:6  loop:701
14:21:38 ,49968,23443,23458,23423,0,1,2,2,0,2,65533,31914,31627,52765,ack:6  loop:720
14:21:39 ,49958,23441,23463,23438,1,0,1,2,2,1,65533,32010,31531,52773,ack:6  loop:700
14:21:39 ,49956,23459,23459,23416,0,0,1,0,1,0,65535,31914,31531,52664,ack:6  loop:700
14:21:40 ,49962,23453,23460,23428,1,1,1,0,1,0,65534,31914,31627,52774,ack:6  loop:701
14:21:41 ,49962,23458,23465,23446,0,1,1,1,1,0,65531,32010,31531,52799,ack:6  loop:820
14:21:42 ,49958,23458,23474,23452,4,2,0,2,1,1,65533,32010,31627,52914,ack:6  loop:721
14:21:42 ,49962,23433,23450,23396,1,0,1,1,1,0,65532,31818,31531,52518,ack:6  loop:700
14:21:43 ,49962,23489,23489,23436,1,0,1,1,2,2,0,31914,31531,52756,ack:6  loop:701
14:21:44 ,49960,23482,23500,23467,2,2,0,0,1,2,65533,32010,31627,52978,ack:6  loop:700
14:21:44 ,49956,23492,23515,23466,0,0,2,0,2,0,65533,32010,31627,52995,ack:6  loop:701
14:21:45 ,49956,23497,23500,23463,0,1,0,0,1,1,65535,32010,31627,52983,ack:6  loop:700
14:21:46 ,49964,23488,23495,23476,2,2,2,1,1,2,65534,32010,31627,52996,ack:6  loop:700
14:21:47 ,49958,23447,23491,23447,3,2,1,0,0,2,65535,32010,31627,52915,ack:6  loop:701
14:21:47 ,49956,23475,23485,23449,1,1,1,1,1,1,65532,32010,31627,52932,ack:6  loop:740
14:21:48 ,49958,23480,23491,23461,1,3,1,3,1,2,0,32010,31627,52966,ack:6  loop:741
14:21:49 ,49964,23464,23486,23462,1,1,0,1,0,0,0,32010,31627,52944,ack:6  loop:700
14:21:49 ,49960,23460,23488,23444,0,3,1,3,1,2,65535,32010,31627,52926,ack:6  loop:700
14:21:50 ,49956,23462,23469,23443,1,1,0,2,2,2,0,32010,31531,52807,ack:6  loop:701
14:21:51 ,49960,23476,23487,23462,2,2,2,2,2,1,65533,32010,31627,52958,ack:6  loop:740
14:21:52 ,49964,23470,23497,23470,2,1,2,1,1,2,65532,32010,31627,52971,ack:6  loop:701
14:21:52 ,49966,23438,23468,23438,3,1,2,1,1,1,65533,31914,31627,52785,ack:6  loop:700
14:21:53 ,49962,23461,23481,23437,1,1,2,2,1,2,0,32010,31627,52915,ack:6  loop:699
14:21:54 ,49966,23470,23477,23452,2,2,2,1,2,2,65531,32010,31627,52936,ack:6  loop:741
14:21:54 ,49968,23493,23493,23463,3,0,1,1,2,1,65534,32106,31531,52988,ack:6  loop:740
14:21:55 ,49962,23466,23479,23466,2,1,1,1,2,2,65533,31914,31627,52848,ack:6  loop:720
14:21:56 ,49962,23467,23467,23432,1,3,1,0,1,2,0,32010,31627,52901,ack:6  loop:720
14:21:57 ,49966,23456,23471,23441,1,3,2,2,1,2,65534,32010,31531,52812,ack:6  loop:699
14:21:57 ,49964,23447,23487,23447,2,2,1,2,1,2,0,32010,31531,52824,ack:6  loop:700
14:21:58 ,49966,23473,23482,23464,1,2,1,1,2,1,65532,32010,31627,52954,ack:6  loop:700
14:21:59 ,49970,23471,23478,23449,3,1,2,2,1,1,65535,31914,31531,52750,ack:6  loop:699
14:21:59 ,49968,23506,23506,23459,65535,1,1,2,2,0,65533,32010,31627,53006,ack:6  loop:701
14:22:00 ,49964,23475,23506,23475,2,1,2,1,0,1,0,31914,31627,52896,ack:6  loop:700
14:22:01 ,49966,23473,23488,23457,3,3,3,1,1,2,65532,32010,31627,52958,ack:6  loop:701
14:22:01 ,49966,23465,23471,23432,3,1,1,3,2,2,65533,32010,31627,52908,ack:6  loop:720
14:22:02 ,49960,23481,23485,23454,1,0,0,2,0,1,65534,32010,31531,52851,ack:6  loop:700
14:22:03 ,49958,23486,23498,23464,1,2,2,2,1,1,65535,31914,31627,52883,ack:6  loop:700
14:22:04 ,49960,23479,23488,23465,0,0,1,1,1,1,65533,32010,31627,52958,ack:6  loop:701
14:22:04 ,49956,23469,23491,23464,1,4,1,1,1,2,65535,32010,31627,52954,ack:6  loop:700
14:22:05 ,49960,23482,23493,23477,2,2,3,0,2,1,65533,32010,31627,52984,ack:6  loop:701
14:22:06 ,49952,23466,23479,23450,2,1,2,0,2,1,65531,31914,31627,52819,ack:6  loop:700
14:22:06 ,49958,23446,23475,23433,2,2,1,1,2,1,65532,32010,31531,52786,ack:6  loop:701
14:22:07 ,49960,23468,23473,23439,3,2,2,2,2,1,65533,31914,31531,52722,ack:6  loop:699
14:22:08 ,49964,23441,23466,23436,0,2,3,1,1,1,65534,32010,31531,52782,ack:6  loop:699
14:22:08 ,49962,23465,23473,23446,3,0,2,2,2,1,0,31914,31627,52825,ack:6  loop:701
14:22:09 ,49960,23443,23456,23436,2,1,0,0,0,0,65534,31914,31531,52669,ack:6  loop:700
14:22:10 ,49960,23402,23445,23363,3,1,1,1,1,0,65535,31818,31531,52453,ack:6  loop:701
14:22:11 ,49958,23431,23435,23422,0,0,0,0,1,1,65532,31914,31531,52617,ack:6  loop:700
14:22:11 ,49956,23438,23447,23413,1,2,1,0,1,1,0,31914,31531,52633,ack:6  loop:700
14:22:12 ,49960,23436,23443,23429,2,3,1,1,0,2,0,31914,31531,52650,ack:6  loop:701
14:22:13 ,49960,23466,23466,23450,2,1,2,0,0,1,0,31914,31531,52721,ack:6  loop:700
14:22:13 ,49960,23479,23479,23447,0,2,2,1,2,1,0,31914,31627,52842,ack:6  loop:701
14:22:14 ,49952,23461,23493,23451,1,2,2,0,0,1,65532,32010,31627,52924,ack:6  loop:700
14:22:15 ,49946,23446,23464,23446,2,0,2,1,1,2,0,31914,31531,52683,ack:6  loop:701
14:22:15 ,49952,23472,23474,23448,1,1,1,1,0,2,65532,31914,31627,52817,ack:6  loop:700
14:22:16 ,49942,23493,23507,23468,2,1,1,1,2,1,65535,31914,31627,52886,ack:6  loop:700
14:22:17 ,49940,23473,23484,23447,3,2,1,1,2,2,65533,31914,31627,52821,ack:6  loop:701
14:22:18 ,49946,23484,23490,23464,2,1,0,1,1,0,65535,31914,31627,52857,ack:6  loop:700
14:22:18 ,49942,23494,23504,23478,1,2,1,2,2,1,65534,32010,31627,52990,ack:6  loop:701
14:22:19 ,49936,23482,23488,23470,2,1,1,2,2,1,0,31914,31627,52854,ack:6  loop:721
14:22:20 ,49944,23484,23484,23456,2,0,0,2,1,0,1,31914,31627,52843,ack:6  loop:700
14:22:21 ,49956,23469,23506,23469,1,1,2,2,2,1,65529,32106,31531,52967,ack:6  loop:820
14:22:21 ,49950,23462,23476,23462,1,1,0,1,2,1,0,32010,31531,52825,ack:6  loop:700
14:22:22 ,49956,23447,23462,23423,3,0,1,1,1,1,0,31914,31531,52668,ack:6  loop:720
14:22:23 ,49956,23459,23459,23435,0,2,1,1,2,1,65535,31914,31435,52592,ack:6  loop:701
14:22:23 ,49960,23482,23482,23462,0,2,0,1,2,1,0,31914,31531,52765,ack:6  loop:700
14:22:24 ,49962,23474,23478,23460,4,1,1,1,1,1,65535,32010,31531,52851,ack:6  loop:701
14:22:25 ,49962,23476,23476,23438,2,3,1,1,1,1,65533,31914,31531,52731,ack:6  loop:700
14:22:25 ,49966,23481,23488,23457,0,2,2,0,1,1,65535,31914,31531,52770,ack:6  loop:720
14:22:26 ,49976,23495,23495,23457,2,1,2,1,1,1,65535,32010,31531,52899,ack:6  loop:699
14:22:27 ,49978,23487,23493,23485,65535,2,0,2,0,1,65534,31914,31627,52914,ack:6  loop:701
14:22:28 ,49982,23467,23488,23467,0,0,0,1,1,0,0,31914,31627,52875,ack:6  loop:699
14:22:28 ,49982,23457,23492,23457,1,0,1,1,1,0,65535,31914,31627,52860,ack:6  loop:700
14:22:29 ,49976,23475,23496,23465,2,2,0,1,0,2,65533,32010,31627,52981,ack:6  loop:699
14:22:30 ,49970,23469,23469,23420,0,0,1,1,1,1,65535,31914,31627,52800,ack:6  loop:700
14:22:30 ,49972,23465,23465,23427,1,0,2,1,1,1,65535,32010,31531,52803,ack:6  loop:701
14:22:31 ,49968,23486,23488,23455,2,1,0,0,2,0,65534,32010,31627,52965,ack:6  loop:699
14:22:32 ,49964,23487,23501,23471,0,1,1,2,1,0,1,32010,31627,52994,ack:6  loop:700
14:22:32 ,49970,23483,23484,23455,1,1,1,1,0,0,2,32010,31627,52963,ack:6  loop:700
14:22:33 ,49968,23513,23513,23488,1,2,0,0,1,1,65534,32010,31627,53050,ack:6  loop:701
14:22:34 ,49972,23501,23510,23491,1,2,1,0,0,1,0,32010,31627,53044,ack:6  loop:700
14:22:35 ,49976,23501,23509,23461,2,1,2,1,2,0,0,32010,31627,53020,ack:6  loop:720
14:22:35 ,49978,23489,23492,23476,0,1,0,1,0,2,65533,32010,31627,53001,ack:6  loop:700
14:22:36 ,49976,23475,23487,23467,3,2,0,1,1,2,65533,32010,31531,52880,ack:6  loop:781
14:22:37 ,49980,23432,23468,23418,1,0,3,1,2,1,65531,31914,31531,52674,ack:6  loop:740
14:22:38 ,49978,23430,23452,23430,2,2,1,0,1,1,65535,31914,31531,52669,ack:6  loop:720
14:22:38 ,49974,23439,23462,23434,2,2,3,1,1,1,65533,31914,31627,52785,ack:6  loop:700
14:22:39 ,49972,23441,23449,23429,0,1,1,2,2,0,65533,32010,31531,52763,ack:6  loop:700
14:22:40 ,49976,23440,23440,23415,1,1,2,1,0,1,65534,31914,31531,52648,ack:6  loop:699
14:22:40 ,49982,23472,23480,23432,1,2,1,2,1,2,65532,31914,31627,52840,ack:6  loop:700
14:22:41 ,49974,23464,23483,23464,0,1,1,0,1,0,0,32010,31627,52953,ack:6  loop:700
14:22:42 ,49974,23476,23476,23456,3,1,1,0,1,1,65532,32010,31627,52950,ack:6  loop:720
14:22:42 ,49978,23468,23468,23452,2,3,1,1,0,1,65534,32010,31627,52937,ack:6  loop:700
14:22:43 ,49982,23472,23472,23438,3,2,2,1,2,2,65535,32010,31531,52844,ack:6  loop:699
14:22:44 ,49984,23437,23437,23418,1,1,3,3,2,2,65534,31914,31627,52755,ack:6  loop:719
14:22:45 ,49986,23436,23447,23410,0,1,1,0,1,1,65535,31914,31627,52751,ack:6  loop:700
14:22:45 ,49992,23421,23443,23420,3,1,1,0,1,0,65534,31914,31627,52749,ack:6  loop:700
14:22:46 ,

RMS2 Version 1.1  20231201

time code not received
06:28:15 ,49976,23425,23427,23397,1,1,0,1,1,0,65531,31914,31435,52501,ack:FF ack:FF ack:FF ack:FF ack:FF ack:FF ack:FF ack:FF ack:FF ack:FF ack:FF ack:FF ack:FF ack:FF ack:FF ack:FF ack:FF ack:FF ack:FF ack:FF ack:FF ack:FF ack:FF ack:FF ack:FF ack:FF ack:FF ack:FF ack:FF ack:FF ack:FF ack:FF ack:FF ack:FF ack:FF ack:FF ack:FF ack:FF ack:FF ack:FF ack:FF ack:FF ack:FF ack:FF ack:FF ack:FF ack:FF ack:FF ack:FF ack:FF ack:FF ack:FF ack:FF ack:FF ack:FF ack:FF ack:FF ack:FF ack:FF ack:FF ack:FF ack:FF ack:FF ack:FF ack:FF ack:FF ack:FF ack:FF ack:FF ack:FF ack:FF ack:FF ack:FF ack:FF ack:FF ack:FF ack:FF ack:FF ack:FF ack:FF ack:FF ack:FF ack:FF ack:FF ack:FF ack:FF ack:FF ack:FF ack:FF ack:FF ack:FF ack:FF ack:FF ack:FF ack:FF ack:FF ack:FF ack:FF ack:FF ack:FF ack:FF ack:FF ack:FF ack:FF ack:FF ack:FF ack:FF ack:FF ack:FF ack:FF ack:FF ack:FF ack:FF ack:FF ack:FF ack:FF ack:FF ack:FF ack:FF ack:FF ack:FF ack:FF ack:FF ack:FF ack:FF ack:FF ack:FF ack:FF ack:FF ack:FF ack:FF ack:FF ack:FF ack:FF ack:FF ack:FF ack:FF ack:FF ack:FF ack:FF ack:FF ack:FF ack:FF ack:FF ack:FF ack:FF ack:FF ack:FF ack:FF ack:FF ack:FF ack:FF ack:FF ack:FF ack:FD ack:FF ack:FF ack:FF ack:FF ack:FF ack:FF ack:FF ack:FF ack:FF ack:FF ack:FF ack:FF ack:FD ack:FF ack:FF ack:FF ack:FF ack:FF ack:FF ack:FF ack:FF ack:FF ack:FF ack:FF ack:FF ack:FF ack:FE ack:FF ack:FF ack:FF ack:FF ack:FF ack:FF ack:FF ack:FF ack:FF ack:FF ack:FF ack:FF ack:FF ack:FF ack:FF ack:FF ack:FF ack:FF ack:FF ack:FF ack:FF ack:FF ack:FF ack:FF ack:FF ack:FF ack:FF ack:FF ack:FF ack:FF ack:FF ack:FF ack:FF ack:FF ack:FE ack:FF ack:FF ack:FF ack:FF ack:FF ack:FF ack:FF ack:FF ack:FF ack:FF ack:FF ack:FF ack:FF ack:FF ack:FF ack:FF ack:FF ack:FF ack:FF ack:FF ack:BF ack:FF ack:FF ack:FF ack:FF ack:FF ack:FF ack:FF ack:FF ack:FF ack:FF ack:FF ack:FF ack:FF ack:FF ack:FF ack:FF ack:FF ack:FF ack:FF ack:FF ack:FF ack:FF ack:FF ack:FF ack:FF ack:FF ack:FF ack:FF ack:FF ack:FF ack:FF ack:FF ack:FF ack:FF ack:DF ack:FF ack:FF ack:FF ack:FF ack:FF ack:FF ack:FF ack:FF ack:FF ack:FF ack:FF ack:FF ack:FF ack:FF ack:FF ack:FF ack:FF ack:FF ack:FF ack:FF ack:FF ack:FF ack:FF ack:FF ack:FF ack:FF ack:FF ack:FF ack:FF ack:FF ack:FF ack:FF ack:FF ack:FF ack:FF ack:FF ack:FF ack:FF ack:FF ack:FF ack:FF ack:FF ack:FF ack:FF ack:FF ack:FF ack:FF ack:FF ack:FF ack:FF ack:FF ack:FF ack:FF ack:FF ack:FF ack:FB ack:FF ack:FF ack:FF ack:FF ack:FF ack:FF ack:FB ack:FF ack:FF ack:FF ack:FF ack:FF ack:FF ack:FD ack:FF ack:FF ack:FF ack:FF ack:FF ack:FF ack:FB ack:FF ack:FF ack:FF ack:FF ack:FF ack:FF ack:FF ack:FF ack:FF ack:FF ack:FF ack:FF ack:FF ack:BF ack:FF ack:FF ack:FF ack:FF ack:FF ack:FF ack:BF ack:FF ack:FF ack:FF ack:FF ack:FF ack:FF ack:FF ack:FF ack:FF ack:FF ack:FF ack:FF ack:FF ack:FF ack:FF ack:FF ack:FF ack:FF ack:FF ack:FF ack:FF ack:FF ack:FF ack:FF ack:FF ack:FF ack:FF ack:FF ack:FF ack:FF ack:FF ack:FF ack:FF ack:FF ack:FB ack:FF ack:FF ack:FF ack:FF ack:FF ack:FF ack:FD ack:FF ack:FF ack:FF ack:FF ack:FF ack:FF ack:FF ack:FF ack:FF ack:FF ack:FF ack:FF ack:FF ack:FF ack:FF ack:FF ack:FF ack:FF ack:FF ack:FF ack:FF ack:FF ack:FF ack:FF ack:FF ack:FF ack:FF ack:FF ack:FF ack:FF ack:FF ack:FF ack:FF ack:FF ack:FF ack:FF ack:FF ack:FF ack:FF ack:FF ack:FF ack:FF ack:FF ack:FF ack:FF ack:FF ack:FF ack:FF ack:FF ack:FF ack:FF ack:FF ack:FF ack:FF ack:FF ack:FF ack:FF ack:FF ack:FF ack:FF ack:FF ack:FF ack:FF ack:FF ack:FF ack:FF ack:FF ack:FF ack:FF ack:FF ack:FF ack:FF ack:FF ack:FF ack:FF ack:FF ack:F7 ack:FF ack:FF ack:FF ack:FF ack:FF ack:FF ack:DF ack:FF ack:FF ack:FF ack:FF ack:FF ack:FF ack:FB ack:FF ack:FF ack:FF ack:FF ack:FF ack:FF ack:F7 ack:FF ack:FF ack:FF ack:FF ack:FF ack:FF ack:FF ack:FF ack:FF ack:FF ack:FF ack:FF ack:FF ack:FB ack:FF ack:FF ack:FF ack:FF ack:FF ack:FF ack:FD ack:FF ack:FF ack:FF ack:FF ack:FF 

RMS2 Version 1.1  20231201
231211 14:23:08 

14:23:08 ,49986,23427,23438,23405,1,0,1,1,3,1,0,31914,31531,52636,ack:6  loop:712
14:23:09 ,49988,23447,23447,23437,1,0,1,0,1,0,0,31914,31531,52695,ack:6  loop:699
14:23:10 ,49986,23438,23448,23425,1,1,1,0,2,1,1,31914,31531,52677,ack:6  loop:701
14:23:10 ,49984,23448,23450,23435,1,0,1,0,0,0,65535,31914,31627,52787,ack:6  loop:700
14:23:11 ,49982,23460,23467,23436,0,0,3,0,1,1,65535,31914,31627,52818,ack:6  loop:700
14:23:12 ,49978,23459,23470,23443,1,2,1,1,0,0,65532,32010,31531,52820,ack:6  loop:820
14:23:13 ,49980,23449,23471,23449,0,0,3,1,1,0,65531,32010,31531,52818,ack:6  loop:820
14:23:13 ,49970,23478,23484,23450,2,4,2,0,1,0,65532,32010,31627,52952,ack:6  loop:780
14:23:14 ,49972,23456,23476,23445,3,1,1,1,2,2,1,31914,31531,52733,ack:6  loop:741
14:23:15 ,49974,23472,23475,23455,1,3,2,0,3,1,65531,32010,31531,52850,ack:6  loop:780
14:23:16 ,49970,23478,23497,23469,3,3,1,0,1,0,65533,31914,31627,52888,ack:6  loop:820
14:23:17 ,49972,23474,23479,23457,2,0,1,1,0,0,65530,32010,31531,52849,ack:6  loop:821
14:23:17 ,49970,23344,23487,23316,1,0,1,2,2,4,65534,32010,31435,52498,ack:6  loop:759
14:23:18 ,49966,23470,23470,23364,1,1,0,0,2,3,65535,32010,31531,52745,ack:6  loop:721
14:23:19 ,49972,23475,23475,23445,2,3,3,0,1,2,65533,32010,31531,52844,ack:6  loop:720
14:23:20 ,49982,23461,23481,23441,2,3,2,1,2,1,65533,32010,31627,52938,ack:6  loop:740
14:23:20 ,49978,23446,23474,23446,1,65535,0,1,0,1,1,31914,31627,52816,ack:6  loop:701
14:23:21 ,49984,23447,23455,23441,3,1,0,1,1,1,0,31914,31627,52803,ack:6  loop:699
14:23:22 ,49984,23448,23461,23425,1,0,1,0,0,0,0,31914,31531,52693,ack:6  loop:701
14:23:22 ,49986,23437,23449,23426,1,0,0,0,2,1,65534,31914,31531,52673,ack:6  loop:739
14:23:23 ,49992,23445,23450,23438,2,2,1,2,0,0,0,31914,31531,52705,ack:6  loop:739
14:23:24 ,49994,23440,23452,23440,0,1,2,1,1,1,65534,31914,31531,52703,ack:6  loop:701
14:23:24 ,49996,23415,23441,23415,2,0,1,0,1,1,65534,32106,31531,52835,ack:6  loop:699
14:23:25 ,50000,23444,23444,23420,4,3,2,0,0,0,65533,31914,31435,52591,ack:6  loop:700
14:23:26 ,49994,23443,23443,23427,2,3,0,2,2,2,0,32010,31531,52787,ack:6  loop:739
14:23:27 ,49998,23457,23459,23437,2,1,3,0,2,3,65528,32106,31339,52727,ack:6  loop:820
14:23:28 ,49989,23413,23450,23413,1,3,2,3,1,0,65534,32010,31435,52646,ack:6  loop:800
14:23:28 ,49992,23444,23446,23421,0,2,0,0,1,1,65535,31914,31531,52679,ack:6  loop:720
14:23:29 ,49994,23465,23475,23440,2,1,1,1,1,0,1,31914,31531,52754,ack:6  loop:699
14:23:30 ,49986,23443,23466,23441,1,1,0,2,0,2,65535,32010,31531,52810,ack:6  loop:761
14:23:31 ,49980,23440,23468,23440,1,1,1,2,0,2,65530,32010,31531,52798,ack:6  loop:819
14:23:31 ,49982,23450,23450,23432,1,0,1,0,2,0,2,31914,31531,52693,ack:6  loop:700
14:23:32 ,49988,23448,23464,23423,2,3,1,0,0,2,1,31914,31531,52705,ack:6  loop:719
14:23:33 ,49988,23446,23468,23446,0,1,1,1,3,1,65531,32010,31531,52819,ack:6  loop:821
14:23:33 ,49986,23428,23457,23428,1,1,1,1,0,0,65534,31914,31627,52770,ack:6  loop:700
14:23:34 ,49989,23430,23446,23430,2,2,2,0,3,0,0,31914,31531,52677,ack:6  loop:699
14:23:35 ,49994,23454,23454,23429,2,0,0,3,3,1,65534,31914,31531,52711,ack:6  loop:701
14:23:36 ,49994,23481,23483,23457,2,2,1,0,1,3,0,31914,31627,52893,ack:6  loop:719
14:23:36 ,49994,23458,23482,23458,2,1,0,1,1,2,3,32010,31627,52967,ack:6  loop:699
14:23:37 ,49998,23484,23484,23454,1,1,1,1,1,0,65534,32010,31531,52892,ack:6  loop:820
14:23:38 ,50002,23477,23487,23470,0,1,0,2,1,1,65535,31914,31627,52909,ack:6  loop:700
14:23:39 ,50008,23479,23487,23473,0,0,1,0,1,0,65535,32010,31531,52917,ack:6  loop:820
14:23:39 ,50010,23475,23486,23462,1,0,1,0,0,1,65535,31914,31723,53000,ack:6  loop:699
14:23:40 ,50016,23488,23488,23457,2,0,2,1,0,0,0,31914,31627,52923,ack:6  loop:700
14:23:41 ,50018,23498,23502,23471,4,1,1,0,0,2,65534,32106,31531,53060,ack:6  loop:800
14:23:42 ,50028,23470,23492,23470,0,2,2,1,0,2,65532,32010,31531,52932,ack:6  loop:819
14:23:42 ,50032,23488,23495,23475,0,2,2,1,1,0,65530,32010,31627,53055,ack:6  loop:779
14:23:43 ,50024,23478,23489,23466,0,0,1,0,2,0,0,32010,31627,53025,ack:6  loop:698
14:23:44 ,50028,23439,23463,23433,1,0,1,1,1,2,65534,32010,31531,52836,ack:6  loop:780
14:23:45 ,50028,23481,23487,23445,3,0,1,1,2,2,65531,32010,31531,52914,ack:6  loop:798
14:23:45 ,50024,23451,23469,23451,1,0,1,1,1,1,65533,31914,31627,52866,ack:6  loop:720
14:23:46 ,50020,23441,23466,23433,0,0,1,0,1,1,0,31914,31627,52832,ack:6  loop:700
14:23:47 ,50016,23430,23453,23417,1,1,2,1,0,2,65528,32010,31435,52688,ack:6  loop:819
14:23:48 ,50014,23461,23464,23455,0,0,1,3,1,2,65532,32010,31627,52962,ack:6  loop:739
14:23:48 ,50010,23460,23476,23441,3,0,1,0,3,0,0,32010,31627,52959,ack:6  loop:719
14:23:49 ,50000,23428,23463,23426,0,2,1,1,1,1,65529,32010,31435,52689,ack:6  loop:800
14:23:50 ,49998,23411,23430,23408,0,1,1,0,0,1,65534,31818,31531,52525,ack:6  loop:699
14:23:51 ,49998,23439,23447,23420,0,0,1,1,3,2,65533,31914,31627,52777,ack:6  loop:700
14:23:51 ,50000,23445,23447,23421,1,2,1,1,0,1,65531,32010,31531,52783,ack:6  loop:780
14:23:52 ,49994,23431,23449,23427,2,2,1,1,2,2,65532,31914,31531,52680,ack:6  loop:699
14:23:53 ,49998,23441,23449,23420,3,1,1,1,1,0,0,31914,31531,52688,ack:6  loop:701
14:23:54 ,50000,23458,23458,23424,0,2,2,0,0,1,65533,32010,31531,52811,ack:6  loop:819
14:23:54 ,49989,23445,23455,23440,1,1,0,1,0,1,65535,31914,31531,52705,ack:6  loop:719
14:23:55 ,49992,23431,23451,23431,1,1,1,1,1,2,65533,32010,31531,52778,ack:6  loop:739
14:23:56 ,49998,23477,23477,23425,3,2,1,2,2,0,65535,32010,31531,52855,ack:6  loop:780
14:23:57 ,49998,23492,23492,23456,2,1,3,0,0,1,65535,32010,31627,53009,ack:6  loop:780
14:23:57 ,50008,23465,23482,23442,4,1,1,0,2,0,65533,32010,31435,52775,ack:6  loop:759
14:23:58 ,50008,23475,23489,23467,1,1,1,1,1,1,65532,31914,31627,52910,ack:6  loop:760
14:23:59 ,50004,23493,23493,23435,2,2,1,0,0,2,65534,32010,31627,52995,ack:6  loop:700
14:24:00 ,50010,23456,23468,23451,2,1,1,0,2,1,0,31914,31627,52861,ack:6  loop:699
14:24:00 ,50014,23439,23467,23424,0,4,1,3,1,3,0,31914,31531,52729,ack:6  loop:739
14:24:01 ,50010,23455,23470,23428,0,1,3,0,0,2,65535,31914,31627,52837,ack:6  loop:700
14:24:02 ,50008,23460,23466,23434,2,1,2,1,0,1,0,31914,31627,52844,ack:6  loop:698
14:24:02 ,50002,23456,23456,23436,2,1,1,1,0,1,3,31818,31531,52636,ack:6  loop:719
14:24:03 ,50006,23435,23446,23417,1,0,1,1,1,2,65533,31818,31531,52584,ack:6  loop:700
14:24:04 ,50004,23450,23452,23411,1,3,2,1,2,0,65533,31914,31435,52600,ack:6  loop:800
14:24:05 ,50010,23440,23451,23432,3,2,1,2,0,0,65533,31914,31531,52711,ack:6  loop:819
14:24:05 ,49996,23458,23464,23443,3,1,1,0,2,2,65531,32010,31531,52834,ack:6  loop:741
14:24:06 ,50000,23436,23458,23436,2,0,1,1,2,0,0,31914,31627,52805,ack:6  loop:719
14:24:07 ,49998,23444,23449,23424,2,2,0,3,0,1,65531,31914,31531,52691,ack:6  loop:739
14:24:08 ,49996,23445,23453,23444,2,1,2,1,0,1,65531,32010,31531,52809,ack:6  loop:800
14:24:08 ,49994,23475,23475,23434,2,3,2,1,0,0,65535,31914,31531,52758,ack:6  loop:700
14:24:09 ,49996,23469,23474,23454,1,0,1,2,1,2,65530,32010,31531,52863,ack:6  loop:819
14:24:10 ,49996,23472,23490,23454,0,0,1,2,1,1,65530,32106,31435,52880,ack:6  loop:820
14:24:11 ,49994,23447,23477,23442,0,1,0,1,2,0,65535,31914,31531,52736,ack:6  loop:700
14:24:12 ,50006,23453,23460,23437,2,2,2,1,0,2,65535,31914,31531,52737,ack:6  loop:739
14:24:12 ,50010,23463,23488,23444,2,0,2,2,2,1,65530,32010,31531,52877,ack:6  loop:780
14:24:13 ,50014,23476,23476,23453,2,4,2,2,1,0,65533,32010,31531,52896,ack:6  loop:758
14:24:14 ,50022,23447,23470,23447,3,0,3,0,0,1,1,32010,31627,52959,ack:6  loop:700
14:24:14 ,50026,23454,23454,23430,2,4,2,2,2,2,0,31914,31531,52751,ack:6  loop:739
14:24:15 ,50028,23459,23459,23445,1,1,0,2,1,1,65533,32010,31531,52863,ack:6  loop:799
14:24:16 ,50020,23451,23466,23431,3,2,3,0,0,0,65533,32106,31531,52938,ack:6  loop:760
14:24:17 ,50022,23436,23451,23428,3,3,1,0,1,1,65532,32010,31435,52715,ack:6  loop:799
14:24:18 ,50024,23432,23449,23412,3,1,0,2,2,1,65528,32010,31531,52787,ack:6  loop:780
14:24:18 ,50020,23449,23449,23424,1,3,0,2,1,0,65529,32010,31531,52811,ack:6  loop:819
14:24:19 ,50014,23428,23462,23421,1,2,1,0,1,1,65535,32010,31531,52799,ack:6  loop:760
14:24:20 ,50012,23443,23443,23401,0,2,1,1,0,2,65534,31818,31627,52676,ack:6  loop:699
14:24:21 ,50020,23456,23458,23436,3,2,2,2,2,1,0,32106,31627,53043,ack:6  loop:699
14:24:21 ,50022,23461,23461,23428,2,2,1,1,1,1,65533,32010,31531,52846,ack:6  loop:740
14:24:22 ,50020,23445,23470,23445,1,2,2,2,1,0,65534,32010,31627,52951,ack:6  loop:739
14:24:23 ,50016,23442,23464,23437,1,0,0,0,1,0,65533,31818,31627,52731,ack:6  loop:700
14:24:24 ,50020,23442,23450,23428,4,1,1,0,3,0,65534,31914,31531,52720,ack:6  loop:779
14:24:24 ,50022,23455,23455,23428,3,0,0,1,1,3,65532,32010,31531,52833,ack:6  loop:800
14:24:25 ,50024,23457,23466,23443,2,0,0,1,2,1,65535,32010,31531,52864,ack:6  loop:739
14:24:26 ,50028,23442,23491,23442,1,1,2,0,1,0,0,31914,31627,52877,ack:6  loop:719
14:24:27 ,50032,23477,23496,23467,1,1,1,2,1,0,65530,32106,31627,53133,ack:6  loop:819
14:24:27 ,50032,23465,23476,23462,0,1,3,1,0,0,65530,32010,31531,52903,ack:6  loop:819
14:24:28 ,50034,23462,23470,23427,1,2,1,0,1,0,65534,32010,31531,52865,ack:6  loop:779
14:24:29 ,50036,23460,23471,23445,3,1,1,1,1,1,65531,32010,31531,52884,ack:6  loop:799
14:24:30 ,50032,23441,23470,23441,0,0,1,1,2,1,65535,32106,31531,52953,ack:6  loop:779
14:24:31 ,50034,23444,23467,23440,2,0,1,2,1,3,0,32010,31627,52959,ack:6  loop:760
14:24:31 ,50032,23437,23457,23437,0,1,2,1,0,1,65532,32010,31531,52833,ack:6  loop:799
14:24:32 ,50036,23459,23461,23444,0,0,2,0,0,1,65535,32010,31627,52967,ack:6  loop:698
14:24:33 ,50028,23437,23452,23404,1,0,1,1,0,0,65535,32010,31627,52888,ack:6  loop:700
14:24:33 ,50032,23447,23447,23411,1,0,2,1,3,1,0,32106,31531,52910,ack:6  loop:699
14:24:34 ,50024,23440,23455,23425,2,4,3,1,2,1,65529,32010,31531,52819,ack:6  loop:819
14:24:35 ,50016,23423,23441,23423,0,3,2,1,0,1,65530,31914,31435,52581,ack:6  loop:820
14:24:36 ,50020,23451,23452,23420,2,2,2,3,2,2,0,31914,31627,52825,ack:6  loop:699
14:24:37 ,50020,23475,23475,23441,2,1,2,1,3,3,65532,32106,31531,52984,ack:6  loop:699
14:24:37 ,50012,23483,23494,23458,3,1,1,1,1,1,65535,32010,31627,53019,ack:6  loop:720
14:24:38 ,50008,23473,23481,23446,1,3,3,2,2,1,65531,32010,31531,52884,ack:6  loop:720
14:24:39 ,50012,23479,23485,23462,0,0,0,0,1,1,3,31914,31627,52912,ack:6  loop:699
14:24:39 ,50014,23492,23493,23468,2,2,0,1,1,3,65532,32010,31627,53037,ack:6  loop:720
14:24:40 ,50010,23489,23489,23473,2,2,1,0,0,0,65533,32010,31627,53028,ack:6  loop:820
14:24:41 ,50014,23495,23495,23467,0,1,1,2,2,1,0,32010,31627,53043,ack:6  loop:799
14:24:42 ,50024,23469,23500,23450,1,0,2,1,0,2,65531,32106,31531,53009,ack:6  loop:819
14:24:43 ,50028,23470,23490,23470,1,2,1,1,2,1,65534,32010,31531,52933,ack:6  loop:820
14:24:43 ,50028,23470,23509,23470,1,3,2,1,0,1,65533,32010,31627,53047,ack:FF ack:FF ack:FF ack:FF ack:FF ack:FF ack:FF ack:FF ack:FF ack:FF ack:FF ack:FF ack:FF ack:FF ack:FF ack:FF ack:FF ack:FF ack:FF ack:FF ack:FF ack:FF ack:FF ack:FF ack:FF ack:FF ack:FF ack:FF ack:FF ack:FF ack:FF ack:FF ack:FF ack:FF ack:FB ack:FF ack:FF ack:FF ack:FF ack:FF ack:FF ack:FF ack:FF ack:FF ack:FF ack:FF ack:FF ack:FF ack:BF ack:FF ack:FF ack:FF ack:FF ack:FF ack:FF ack:FF ack:FF ack:FF ack:FF ack:FF ack:FF ack:FF ack:FF ack:FF ack:FF ack:FF ack:FF ack:FF ack:FF ack:FF ack:FF ack:FF ack:FF ack:FF ack:FF ack:FF ack:BF ack:FF ack:FF ack:FF ack:FF ack:FF ack:FF ack:F7 ack:FF ack:FF ack:FF ack:FF ack:FF ack:FF ack:FF ack:FF ack:FF ack:FF ack:FF ack:FF ack:FF ack:EF ack:FF ack:FF ack:FF ack:FF ack:FF ack:FF ack:EF ack:FF ack:FF ack:FF ack:FF ack:FF ack:FF ack:FF ack:FF ack:FF ack:FF ack:FF ack:FF ack:FF ack:FF ack:FF ack:FF ack:FF ack:FF ack:FF ack:FF ack:FB ack:FF ack:FF ack:FF ack:FF ack:FF ack:FF ack:FF ack:FF ack:FF ack:FF ack:FF ack:FF ack:FF ack:FF ack:FF ack:FF ack:FF ack:FF ack:FF ack:FF ack:FF ack:FF ack:FF ack:FF ack:FF ack:FF ack:FF ack:BF ack:FF ack:FF ack:FF ack:FF ack:FF ack:FF ack:FF ack:FF ack:FF ack:FF ack:FF ack:FF ack:FF ack:FF ack:FF ack:FF ack:FF ack:FF ack:FF ack:FF ack:FF ack:FF ack:FF ack:FF ack:FF ack:FF ack:FF ack:FF ack:FF ack:FF ack:FF ack:FF ack:FF ack:FF ack:FF ack:FF ack:FF ack:FF ack:FF ack:FF ack:FF ack:FF ack:FF ack:FF ack:FF ack:FF ack:FF ack:FF ack:FF ack:FF ack:FF ack:FF ack:FF ack:FF ack:FF ack:FF ack:FF ack:FF ack:FF ack:FF ack:FF ack:FF ack:FF ack:FF ack:FF ack:FF ack:FF ack:FF ack:FF ack:FF ack:FF ack:FF ack:FF ack:FF ack:FF ack:FF ack:FF ack:FF ack:FF ack:FF ack:FF ack:FF ack:FF ack:FF ack:FF ack:FF ack:FF ack:FF ack:FD ack:FF ack:FF ack:FF ack:FF ack:FF ack:FF ack:FF ack:FF ack:FF ack:FF ack:FF ack:FF ack:FF ack:FD ack:FF ack:FF ack:FF ack:FF ack:FF ack:FF ack:EF ack:FF ack:FF ack:FF ack:FF ack:FF ack:FF ack:FF ack:FF ack:FF ack:FF ack:FF ack:FF ack:FF ack:BF ack:FF ack:FF ack:FF ack:FF ack:FF ack:FF ack:DF ack:FF ack:FF ack:FF ack:FF ack:FF ack:FF ack:FB ack:FF ack:FF ack:FF ack:FF ack:FF ack:FF ack:FF ack:FF ack:FF ack:FF ack:FF ack:FF ack:FF ack:FF ack:FF ack:FF ack:FF ack:FF ack:FF ack:FF ack:FF ack:FF ack:FF ack:FF ack:FF ack:FF ack:FF ack:EF ack:FF ack:FF ack:FF ack:FF ack:FF ack:FF ack:FF ack:FF ack:FF ack:FF ack:FF ack:FF ack:FF ack:FF ack:FF ack:FF ack:FF ack:FF ack:FF ack:FF ack:FF ack:FF ack:FF ack:FF ack:FF ack:FF ack:FE ack:FF ack:FF ack:FF ack:FF ack:FF ack:FF ack:FF ack:FF ack:FF ack:FF ack:FF ack:FF ack:FF ack:FF ack:FF ack:FF ack:FF ack:FF ack:FF ack:FF ack:FF ack:FF ack:FF ack:FF ack:FF ack:FF ack:FF ack:FF ack:FF ack:FF ack:FF ack:FF ack:FF ack:FF ack:FF ack:FF ack:FF ack:FF ack:FF ack:FF ack:FF ack:FF ack:FF ack:FF ack:FF ack:FF ack:FF ack:FF ack:FF ack:FF ack:FF ack:FF ack:FF ack:FF ack:FF ack:FF ack:FF ack:FF ack:FF ack:FF ack:FF ack:FF ack:FF ack:FF ack:FF ack:FF ack:FF ack:FF ack:FF ack:FF ack:FF ack:FF ack:FF ack:FF ack:FF ack:FF ack:FF ack:FF ack:FF ack:FF ack:FF ack:FF ack:FF ack:FF ack:FF ack:FF ack:FF ack:FF ack:FF ack:FF ack:FF ack:FF ack:FF ack:FF ack:FF ack:FF ack:BF ack:6  loop:5835
14:24:49 ,50010,23480,23498,23476,1,3,2,1,1,0,65533,32010,31531,52938,ack:6  loop:780
14:24:50 ,50012,23487,23490,23459,0,1,0,0,0,0,65533,32010,31531,52915,ack:6  loop:819
14:24:51 ,50008,23496,23496,23468,0,0,0,3,2,1,0,32010,31627,53039,ack:6  loop:760
14:24:52 ,50010,23490,23508,23490,3,1,1,0,0,2,8,32010,31627,53078,ack:6  loop:739
14:24:52 ,50014,23511,23511,23495,1,3,2,1,2,2,65530,32106,31531,53101,ack:6  loop:799
14:24:53 ,50016,23525,23525,23489,3,1,2,2,2,1,65522,32298,31339,53117,ack:FF ack:FF ack:FF ack:FF ack:FF ack:FF ack:FF ack:FF ack:FF ack:FF ack:FF ack:FF ack:FF ack:FF ack:FF ack:FF ack:FF ack:FF ack:FF ack:FF ack:FF ack:FF ack:FF ack:FF ack:FF ack:FF ack:FF ack:FF ack:FF ack:FF ack:FF ack:FF ack:FF ack:FF ack:FF ack:FF ack:FF ack:FF ack:FF ack:FF ack:FF ack:F7 ack:FF ack:FF ack:FF ack:FF ack:FF ack:FF ack:FB ack:FF ack:FF ack:FF ack:FF ack:FF ack:FF ack:FF ack:FF ack:FF ack:FF ack:FF ack:FF ack:FF ack:BF ack:FF ack:FF ack:FF ack:FF ack:FF ack:FF ack:FD ack:FF ack:FF ack:FF ack:FF ack:FF ack:FF ack:FF ack:FF ack:FF ack:FF ack:FF ack:FF ack:FF ack:FF ack:FF ack:FF ack:FF ack:FF ack:FF ack:FF ack:FF ack:FF ack:FF ack:FF ack:FF ack:FF ack:FF ack:FD ack:FF ack:FF ack:FF ack:FF ack:FF ack:FF ack:FF ack:FF ack:FF ack:FF ack:FF ack:FF ack:FF ack:FF ack:FF ack:FF ack:FF ack:FF ack:FF ack:FF ack:FB ack:FF ack:FF ack:FF ack:FF ack:FF ack:FF ack:FF ack:FF ack:FF ack:FF ack:FF ack:FF ack:FF ack:FF ack:FF ack:FF ack:FF ack:FF ack:FF ack:FF ack:F7 ack:FF ack:FF ack:FF ack:FF ack:FF ack:FF ack:FF ack:FF ack:FF ack:FF ack:FF ack:FF ack:FF ack:FF ack:FF ack:FF ack:FF ack:FF ack:FF ack:FF ack:FF ack:FF ack:FF ack:FF ack:FF ack:FF ack:FF ack:FF ack:FF ack:FF ack:FF ack:FF ack:FF ack:FF ack:FF ack:FF ack:FF ack:FF ack:FF ack:FF ack:FF ack:FF ack:FF ack:FF ack:FF ack:FF ack:FF ack:FF ack:FF ack:FF ack:FF ack:FF ack:FF ack:FF ack:FF ack:FF ack:FF ack:FF ack:FF ack:FF ack:FF ack:FF ack:FF ack:FF ack:FF ack:FF ack:FF ack:FF ack:FF ack:FF ack:FF ack:FF ack:FF ack:FF ack:FF ack:FF ack:FF ack:FF ack:FF ack:FF ack:FF ack:FF ack:FF ack:FF ack:FF ack:FF ack:FF ack:FF ack:FF ack:FF ack:FF ack:FF ack:FF ack:FF ack:FF ack:FD ack:FF ack:FF ack:FF ack:FF ack:FF ack:FF ack:FF ack:FF ack:FF ack:FF ack:FF ack:FF ack:FF ack:BF ack:FF ack:FF ack:FF ack:FF ack:FF ack:FF ack:FF ack:FF ack:FF ack:FF ack:FF ack:FF ack:FF ack:FF ack:FF ack:FF ack:FF ack:FF ack:FF ack:FF ack:BF ack:FF ack:FF ack:FF ack:FF ack:FF ack:FF ack:FF ack:FF ack:FF ack:FF ack:FF ack:FF ack:FF ack:EF ack:FF ack:FF ack:FF ack:FF ack:FF ack:FF ack:FF ack:FF ack:FF ack:FF ack:FF ack:FF ack:FF ack:FF ack:FF ack:FF ack:FF ack:FF ack:FF ack:FF ack:DF ack:FF ack:FF ack:FF ack:FF ack:FF ack:FF ack:FB ack:FF ack:FF ack:FF ack:FF ack:FF ack:FF ack:BF ack:FF ack:FF ack:FF ack:FF ack:FF ack:FF ack:FB ack:FF ack:FF ack:FF ack:FF ack:FF ack:FF ack:BF ack:FF ack:FF ack:FF ack:FF ack:FF ack:FF ack:FF ack:FF ack:FF ack:FF ack:FF ack:FF ack:FF ack:FB ack:FF ack:FF ack:FF ack:FF ack:FF ack:FF ack:DF ack:FF ack:FF ack:FF ack:FF ack:FF ack:FF ack:FF ack:FF ack:FF ack:FF ack:FF ack:FF ack:FF ack:FF ack:FF ack:FF ack:FF ack:FF ack:FF ack:FF ack:FF ack:FF ack:FF ack:FF ack:FF ack:FF ack:FF ack:FF ack:FF ack:FF ack:FF ack:FF ack:FF ack:FF ack:FF ack:FF ack:FF ack:FF ack:FF ack:FF ack:FF ack:FF ack:FF ack:FF ack:FF ack:FF ack:FF ack:FF ack:FF ack:FF ack:FF ack:FF ack:FF ack:FF ack:FF ack:FF ack:FF ack:FF ack:FF ack:FF ack:FE ack:FF ack:FF ack:FF ack:FF ack:FF ack:FF ack:EF ack:FF ack:FF ack:FF ack:FF ack:FF ack:FF ack:FF ack:FF ack:FF ack:FF ack:FF ack:FF ack:FF ack:FF ack:FF ack:FF ack:FF ack:FF ack:FF ack:FF ack:F7 ack:FF ack:FF ack:FF ack:FF ack:FF ack:FF ack:DF ack:FF ack:FF ack:FF ack:FF ack:FF ack:FF ack:FF ack:FF ack:FF ack:FF ack:FF ack:FF ack:FF ack:FF ack:FF ack:FF ack:FF ack:FF ack:FF ack:FF ack:FF ack:FF ack:FF ack:FF ack:FF ack:FF ack:FF ack:FF ack:FF ack:FF ack:FF ack:FF ack:FF ack:FF ack:FF ack:FF ack:FF ack:FF ack:FF ack:FF ack:FF ack:FF ack:FF ack:FF ack:FF ack:FF ack:FF ack:FF ack:FF ack:FF ack:FF ack:FF ack:FF ack:FF ack:FF ack:FD ack:FF ack:FF ack:FF ack:FF ack:FF ack:FF ack:FB ack:FF ack:FF ack:FF ack:FF ack:FF ack:FF ack:FF ack:FF ack:FF ack:FF ack:FF ack:FF ack:FF ack:FF ack:FF ack:FF ack:FF ack:FF ack:FF ack:FF ack:FF ack:FF ack:FF ack:FF ack:FF ack:FF ack:FF ack:FF ack:FF ack:FF ack:FF ack:FF ack:FF ack:FF ack:FF ack:FF ack:FF ack:FF ack:FF ack:FF ack:FF ack:FF ack:FF ack:FF ack:FF ack:FF ack:FF ack:FF ack:FF ack:FF ack:FF ack:FF ack:FF ack:FF ack:FF ack:FE ack:FF ack:FF ack:FF ack:FF ack:FF ack:FF ack:FF ack:FF ack:FF ack:FF ack:FF ack:FF ack:FF ack:FF ack:FF ack:FF ack:FF ack:FF ack:FF ack:FF ack:FF ack:FF ack:FF ack:FF ack:FF ack:FF ack:FF ack:FF ack:FF ack:FF ack:FF ack:FF ack:FF ack:FF ack:FF ack:FF ack:FF ack:FF ack:FF ack:FF ack:FF ack:FF ack:FF ack:FF ack:FF ack:FF ack:FF ack:FF ack:FF ack:FF ack:FF ack:FF ack:FF ack:FF ack:FF ack:FF ack:FF ack:FF ack:FF ack:FF ack:FF ack:FF ack:FF ack:FF ack:FF ack:FF ack:FF ack:FB ack:FF ack:FF ack:FF ack:FF ack:FF ack:FF ack:FF ack:FF ack:FF ack:FF ack:FF ack:FF ack:FF ack:FB ack:FF ack:FF ack:FF ack:FF ack:FF ack:FF ack:FF ack:FF ack:FF ack:FF ack:FF ack:FF ack:FF ack:FF ack:FF ack:FF ack:FF ack:FF ack:FF ack:FF ack:DF ack:FF ack:FF ack:FF ack:FF ack:FF ack:FF ack:FF ack:FF ack:FF ack:FF ack:FF ack:FF ack:FF ack:FF ack:FF ack:FF ack:FF ack:FF ack:FF ack:FF ack:FB ack:FF ack:FF ack:FF ack:FF ack:FF ack:FF ack:F7 ack:FF ack:FF ack:FF ack:FF ack:FF ack:FF ack:FF ack:FF ack:FF ack:FF ack:FF ack:FF ack:FF ack:FF ack:FF ack:FF ack:FF ack:FF ack:FF ack:FF ack:FF ack:FF ack:FF ack:FF ack:FF ack:FF ack:FF ack:FB ack:FF ack:FF ack:FF ack:FF ack:FF ack:FF ack:FF ack:FF ack:FF ack:FF ack:FF ack:FF ack:FF ack:FF ack:FF ack:FF ack:FF ack:FF ack:FF ack:FF ack:FF ack:FF ack:FF ack:FF ack:FF ack:FF ack:FF ack:FF ack:FF ack:FF ack:FF ack:FF ack:FF ack:FF ack:FF ack:FF ack:FF ack:FF ack:FF ack:FF ack:FF ack:DF ack:FF ack:FF ack:FF ack:FF ack:FF ack:FF ack:FF ack:FF ack:FF ack:FF ack:FF ack:FF ack:FF ack:FF ack:FF ack:FF ack:FF ack:FF ack:FF ack:FF ack:FF ack:FF ack:FF ack:FF ack:FF ack:FF ack:FF ack:FF ack:FF ack:FF ack:FF ack:FF ack:FF ack:FF ack:DF ack:FF ack:FF ack:FF ack:FF ack:FF ack:FF ack:FF ack:FF ack:FF ack:FF ack:FF ack:FF ack:FF ack:FF ack:FF ack:FF ack:FF ack:FF ack:FF ack:FF ack:FF ack:FF ack:FF ack:FF ack:FF ack:FF ack:FF ack:FF ack:FF ack:FF ack:FF ack:FF ack:FF ack:FF ack:FF ack:FF ack:FF ack:FF ack:FF ack:FF ack:FF ack:FF ack:FF ack:FF ack:FF ack:FF ack:FF ack:FF ack:FF ack:FF ack:FF ack:FF ack:FF ack:FF ack:FF ack:FF ack:FF ack:FF ack:FF ack:FF ack:FF ack:FF ack:FF ack:FF ack:FF ack:FF ack:FF ack:FF ack:FF ack:FF ack:FF ack:FF ack:FF ack:FF ack:FF ack:FF ack:FF ack:FF ack:FF ack:FF ack:FF ack:FF ack:FF ack:FF ack:FF ack:FF ack:FF ack:FF ack:FF ack:FF ack:FF ack:FF ack:FF ack:FF ack:FF ack:FF ack:FF ack:FF ack:FF ack:FF ack:FF ack:FF ack:FF ack:FF ack:FF ack:FF ack:FF ack:FF ack:FF ack:FF ack:FF ack:FF ack:FF ack:FF ack:FF ack:FF ack:FF ack:FF ack:FF ack:FF ack:FF ack:FF ack:FF ack:FF ack:FF ack:FF ack:FF ack:FF ack:FF ack:FF ack:FF ack:FF ack:FF ack:FF ack:FF ack:FF ack:FF ack:FF ack:FF ack:FF ack:FF ack:FF ack:FF ack:FF ack:DF ack:FF ack:FF ack:FF ack:FF ack:FF ack:FF ack:FF ack:FF ack:FF ack:FF ack:FF ack:FF ack:FF ack:FF ack:FF ack:FF ack:FF ack:FF ack:FF ack:FF ack:FF ack:FF ack:FF ack:FF ack:FF ack:FF ack:FF ack:FF ack:FF ack:FF ack:FF ack:FF ack:FF ack:FF ack:DF ack:FF ack:FF ack:FF ack:FF ack:FF ack:FF ack:FF ack:FF ack:FF ack:FF ack:BF ack:FF ack:FF ack:FF ack:FF ack:FF ack:FF ack:FF ack:FF ack:FF ack:FF ack:FF ack:FF ack:FF ack:FF ack:FF ack:FF ack:DF ack:FF ack:FF ack:FF ack:FF ack:FF ack:FF ack:FE ack:FF ack:FF ack:FF ack:FF ack:FF ack:FF ack:EF ack:FF ack:FF ack:FF ack:FF ack:FF ack:FF ack:FF ack:FF ack:FF ack:FF ack:FF ack:FF ack:FF ack:FF ack:FF ack:FF ack:FF ack:FF ack:FF ack:FF ack:F7 ack:FF ack:FF ack:FF ack:FF ack:FF ack:FF ack:F7 ack:FF ack:FF ack:FF ack:FF ack:FF ack:FF ack:FF ack:FF ack:FF ack:FF ack:FF ack:FF ack:FF ack:FF ack:FF ack:FF ack:FF ack:FF ack:FF ack:FF ack:FB ack:FF ack:FF ack:FF ack:FF ack:FF ack:FF ack:FF ack:FF ack:FF ack:FF ack:FF ack:FF ack:FF ack:FF ack:FF ack:FF ack:FF ack:FF ack:FF ack:FF ack:BF ack:FF ack:FF ack:FF ack:FF ack:FF ack:FF ack:FF ack:FF ack:FF ack:FF ack:FF ack:FF ack:FF ack:FB ack:FF ack:FF ack:FF ack:FF ack:FF ack:FF ack:FF ack:FF ack:FF ack:FF ack:FF ack:FF ack:FF ack:FE ack:FF ack:FF ack:FF ack:FF ack:FF ack:FF ack:FF ack:FF ack:FF ack:FF ack:FF ack:FF ack:FF ack:FF ack:FF ack:FF ack:FF ack:FF ack:FF ack:FF ack:FF ack:FF ack:FF ack:FF ack:FF ack:FF ack:FF ack:FF ack:FF ack:FF ack:FF ack:FF ack:FF ack:FF ack:FF ack:FF ack:FF ack:FF ack:FF ack:FF ack:FF ack:FF ack:FF ack:FF ack:FF ack:FF ack:FF ack:FF ack:FF ack:FF ack:FF ack:FF ack:FF ack:FF ack:FF ack:FF ack:FF ack:FF ack:FF ack:FF ack:FF ack:FF ack:FE ack:FF ack:FF ack:FF ack:FF ack:FF ack:FF ack:FF ack:FF ack:FF ack:FF ack:FF ack:FF ack:FF ack:FF ack:FF ack:FF ack:FF ack:FF ack:FF ack:FF ack:FF ack:FF ack:FF ack:FF ack:FF ack:FF ack:FF ack:FF ack:FF ack:FF ack:FF ack:FF ack:FF ack:FF ack:FF ack:FF ack:FF ack:FF ack:FF ack:FF ack:FF ack:FF ack:FF ack:FF ack:FF ack:FF ack:FF ack:FF ack:FF ack:FF ack:FF ack:FF ack:FF ack:FF ack:FF ack:FF ack:FF ack:FF ack:FF ack:FF ack:FF ack:FF ack:FF ack:FF ack:FF ack:FF ack:FF ack:FF ack:FF ack:FF ack:FF ack:FF ack:FF ack:FF ack:FF ack:FF ack:FF ack:FF ack:FF ack:FF ack:FF ack:FF ack:FF ack:FF ack:FF ack:FF ack:FF ack:FF ack:FF ack:FF ack:FF ack:FF ack:FF ack:FF ack:FF ack:FF ack:FF ack:FF ack:FF ack:FF ack:FF ack:FF ack:FF ack:EF ack:FF ack:FF ack:FF ack:FF ack:FF ack:FF ack:FF ack:FF ack:FF ack:FF ack:FF ack:FF ack:FF ack:FF ack:FF ack:FF ack:FF ack:FF ack:FF ack:EF ack:FF ack:FF ack:FF ack:FF ack:FF ack:FF ack:FF ack:FF ack:FF ack:FF ack:FF ack:FF ack:FF ack:DF ack:FF ack:FF ack:FF ack:FF ack:FF ack:FF ack:FF ack:FF ack:FF ack:FF ack:FF ack:FF ack:FF ack:FF ack:FF ack:FF ack:FF ack:FF ack:FF ack:FF ack:EF ack:FF ack:FF ack:FF ack:FF ack:FF ack:FF ack:FF ack:FF ack:FF ack:FF ack:FF ack:FF ack:FF ack:FF ack:FF ack:FF ack:FF ack:FF ack:FF ack:FF ack:FF ack:FF ack:FF ack:FF ack:FF ack:FF ack:FF ack:FF ack:FF ack:FF ack:FF ack:FF ack:FF ack:FF ack:FF ack:FF ack:FF ack:FF ack:FF ack:FF ack:FF ack:FF ack:FF ack:FF ack:FF ack:FF ack:FF ack:FF ack:FF ack:FF ack:FF ack:FF ack:FF ack:FF ack:FF ack:FF ack:FF ack:FF ack:FF ack:FF ack:FF ack:FF ack:FF ack:FF ack:FF ack:FF ack:FF ack:FF ack:FF ack:FF ack:FF ack:FF ack:FF ack:FF ack:FF ack:FF ack:FE ack:FF ack:FF ack:FF ack:FF ack:FF ack:FF ack:FF ack:FF ack:FF ack:FF ack:FF ack:FF ack:FF ack:FF ack:FF ack:FF ack:FF ack:FF ack:FF ack:FF ack:FF ack:FF ack:FF ack:FF ack:FF ack:FF ack:FF ack:FF ack:FF ack:FF ack:FF ack:FF ack:FF ack:FF ack:FF ack:FF ack:FF ack:FF ack:FF ack:FF ack:FF ack:FF ack:FF ack:FF ack:FF ack:FF ack:FF ack:FF ack:FF ack:FF ack:FF ack:FF ack:FF ack:FF ack:FF ack:FF ack:FF ack:FF ack:FF ack:FF ack:FF ack:FF ack:DF ack:FF ack:FF ack:FF ack:FF ack:FF ack:FF ack:F7 ack:FF ack:FF ack:FF ack:FF ack:FF ack:FF ack:FF ack:FF ack:FF ack:FF ack:FF ack:FF ack:FF ack:FE ack:FF ack:FF ack:FF ack:FF ack:FF ack:FF ack:FF ack:FF ack:FF ack:FF ack:FF ack:FF ack:FF ack:FB ack:FF ack:FF ack:FF ack:FF ack:FF ack:FF ack:FF ack:FF ack:FF ack:FF ack:FF ack:FF ack:FF ack:FB ack:FF ack:FF ack:FF ack:FF ack:FF ack:FF ack:FF ack:FF ack:FF ack:FF ack:FF ack:FF ack:FF ack:F7 ack:FF ack:FF ack:FF ack:FF ack:FF ack:FF ack:FF ack:FF ack:FF ack:FF ack:FF ack:FF ack:FF ack:FF ack:FF ack:FF ack:FF ack:FF ack:FF ack:FF ack:FF ack:FF ack:FF ack:FF ack:FF ack:FF ack:FF ack:FF ack:FF ack:FF ack:FF ack:FF ack:FF ack:FF ack:FF ack:FF ack:FF ack:FF ack:FF ack:FF ack:FF ack:FF ack:FF ack:FF ack:FF ack:FF ack:FF ack:FF ack:FF ack:FF ack:FF ack:FF ack:FF ack:FF ack:FF ack:FF ack:FF ack:FF ack:FF ack:FF ack:FF ack:FF ack:FF ack:FF ack:FF ack:FF ack:FF ack:FF ack:FF ack:FF ack:FF ack:FF ack:FF ack:FF ack:FF ack:FF ack:F7 ack:FF ack:FF ack:FF ack:FF ack:FF ack:FF ack:FF ack:FF ack:FF ack:FF ack:FF ack:FF ack:FF ack:FD ack:FF ack:FF ack:FF ack:FF ack:FF ack:FF ack:FF ack:FF ack:FF ack:FF ack:FF ack:FF ack:FF ack:FF ack:FF ack:FF ack:FF ack:FF ack:FF ack:FF ack:DF ack:FF ack:FF ack:FF ack:FF ack:FF ack:FF ack:FF ack:FF ack:FF ack:FF ack:FF ack:FF ack:FF ack:FF ack:FF ack:FF ack:FF ack:FF ack:FF ack:FF ack:FE ack:FF ack:FF ack:FF ack:FF ack:FF ack:FF ack:FF ack:FF ack:FF ack:FF ack:FF ack:FF ack:FF ack:BF ack:FF ack:FF ack:FF ack:FF ack:FF ack:FF ack:FF ack:FF ack:FF ack:FF ack:FF ack:FF ack:FF ack:FE ack:FF ack:FF ack:FF ack:FF ack:FF ack:FF ack:BF ack:FF ack:FF ack:FF ack:FF ack:FF ack:FF ack:FF ack:FF ack:FF ack:FF ack:FF ack:FF ack:FF ack:F9 ack:FF ack:FF ack:FF ack:FF ack:FF ack:FF ack:FF ack:FF ack:FF ack:FF ack:FF ack:FF ack:FF ack:FF ack:FF ack:FF ack:FF ack:FF ack:FF ack:FF ack:FB ack:FF ack:FF ack:FF ack:FF ack:FF ack:FF ack:FE ack:FF ack:FF ack:FF ack:FF ack:FF ack:FF ack:FF ack:FF ack:FF ack:FF ack:FF ack:FF ack:FF ack:FF ack:FF ack:FF ack:FF ack:FF ack:FF ack:FF ack:BF ack:FF ack:FF ack:FF ack:FF ack:FF ack:FF ack:FF ack:FF ack:FF ack:FF ack:FF ack:FF ack:FF ack:FF ack:FF ack:FF ack:FF ack:FF ack:FF ack:FF ack:EF ack:FF ack:FF ack:FF ack:FF ack:FF ack:FF ack:FF ack:FF ack:FF ack:FF ack:FF ack:FF ack:FF ack:FF ack:FF ack:FF ack:FF ack:FF ack:FF ack:FF ack:FF ack:FF ack:FF ack:FF ack:FF ack:FF ack:FF ack:FF ack:FF ack:FF ack:FF ack:FF ack:FF ack:FF ack:FF ack:FF ack:FF ack:FF ack:FF ack:FF ack:FF ack:FF ack:FF ack:FF ack:FF ack:FF ack:FF ack:FF ack:FF ack:FF ack:FF ack:FF ack:FF ack:FF ack:FF ack:FF ack:FF ack:FF ack:FF ack:FF ack:FF ack:FF ack:FF ack:FF ack:FF ack:FF ack:FF ack:FF ack:FF ack:FF ack:FF ack:FF ack:FF ack:FF ack:FF ack:FF ack:FF ack:FF ack:FF ack:FF ack:FF ack:FF ack:FF ack:FF ack:FF ack:FF ack:FF ack:FF ack:FF ack:FF ack:FF ack:FF ack:FF ack:FF ack:FF ack:FF ack:FF ack:FF ack:FF ack:FF ack:FF ack:FF ack:FF ack:FF ack:FF ack:FF ack:FF ack:FF ack:FF ack:FF ack:FF ack:FF ack:FF ack:FF ack:FF ack:FF ack:FF ack:FF ack:FF ack:FF ack:FF ack:FF ack:FF ack:FF ack:FF ack:FF ack:FF ack:FF ack:FF ack:FF ack:EF ack:FF ack:FF ack:FF ack:FF ack:FF ack:FF ack:DF ack:FF ack:FF ack:FF ack:FF ack:FF ack:FF ack:FB ack:FF ack:FF ack:FF ack:FF ack:FF ack:FF ack:FE ack:FF ack:FF ack:FF ack:FF ack:FF ack:FF ack:FB ack:FF ack:FF ack:FF ack:FF ack:FF ack:FF ack:FE ack:FF ack:FF ack:FF ack:FF ack:FF ack:FF ack:FF ack:FF ack:FF ack:FF ack:FF ack:FF ack:FF ack:FF ack:FF ack:FF ack:FF ack:FF ack:FF ack:FF ack:FF ack:FF ack:FF ack:FF ack:FF ack:FF ack:FF ack:FE ack:FF ack:FF ack:FF ack:FF ack:FF ack:FF ack:FF ack:FF ack:FF ack:FF ack:FF ack:FF ack:FF ack:FF ack:FF ack:FF ack:FF ack:FF ack:FF ack:FF ack:FF ack:FF ack:FF ack:FF ack:FF ack:FF ack:FF ack:EF ack:FF ack:FF ack:FF ack:FF ack:FF ack:FF ack:FF ack:FF ack:FF ack:FF ack:FF ack:FF ack:FF ack:FF ack:FF ack:FF ack:FF ack:FF ack:FF ack:FF ack:BF ack:FF ack:FF ack:FF ack:FF ack:FF ack:FF ack:BF ack:FF ack:FF ack:FF ack:FF ack:FF ack:FF ack:FD ack:FF ack:FF ack:FF ack:FF ack:FF ack:FF ack:FF ack:FF ack:FF ack:FF ack:FF ack:FF ack:FF ack:FF ack:6  loop:24535
14:25:18 ,50016,23513,23525,23513,2,0,2,0,0,0,0,32010,31627,53136,ack:6  loop:697
14:25:18 ,50016,23515,23515,23482,0,0,0,1,0,1,65535,31914,31627,52998,ack:6  loop:700
14:25:19 ,50022,23479,23493,23464,1,1,2,1,0,0,65535,31914,31627,52931,ack:6  loop:699
14:25:20 ,50024,23478,23478,23454,1,1,1,1,0,1,0,32010,31627,53004,ack:6  loop:699
14:25:21 ,50030,23465,23489,23465,0,0,0,2,1,1,65531,32010,31435,52821,ack:6  loop:820
14:25:21 ,50032,23480,23487,23449,0,2,2,1,1,1,65535,32010,31627,53019,ack:6  loop:718
14:25:22 ,50032,23456,23480,23447,0,0,2,0,0,0,0,32010,31531,52886,ack:6  loop:699
14:25:23 ,50026,23463,23490,23462,0,0,1,1,1,1,65533,31914,31627,52911,ack:6  loop:699
14:25:23 ,50026,23494,23494,23462,1,1,1,0,2,2,65531,32106,31531,53043,ack:6  loop:799
14:25:24 ,50028,23537,23537,23501,1,0,2,0,2,2,2,32010,31627,53177,ack:6  loop:719
14:25:25 ,50026,23530,23538,23518,2,0,3,2,1,1,65535,32010,31627,53185,ack:6  loop:699
14:25:26 ,50022,23509,23540,23509,0,3,0,2,0,0,65535,32106,31723,53341,ack:6  loop:700
14:25:26 ,50018,23545,23559,23506,0,1,1,1,0,0,65534,32010,31627,53194,ack:6  loop:699
14:25:27 ,50022,23533,23544,23531,1,2,2,1,2,1,65535,32106,31627,53299,ack:6  loop:720
14:25:28 ,50016,23516,23558,23516,2,2,3,1,2,0,4,32202,31627,53377,ack:6  loop:799
14:25:29 ,50026,23577,23577,23546,3,1,1,2,0,1,65525,32298,31531,53480,ack:6  loop:780
14:25:29 ,50018,23517,23569,23517,1,3,2,0,2,2,0,32106,31723,53388,ack:6  loop:779
14:25:30 ,50022,23485,23530,23485,0,2,1,2,1,3,0,32106,31627,53192,ack:6  loop:719
14:25:31 ,50024,23521,23524,23500,1,1,2,2,1,1,65533,32010,31627,53139,ack:6  loop:719
14:25:31 ,50022,23514,23521,23482,3,2,2,2,1,2,65534,32010,31627,53114,ack:6  loop:720
14:25:32 ,50026,23538,23538,23513,2,1,1,2,1,2,65534,32106,31723,53379,ack:6  loop:699
14:25:33 ,50036,23468,23536,23467,1,0,1,0,2,2,65534,32010,31627,53076,ack:6  loop:719
14:25:34 ,50036,23478,23491,23474,1,1,0,0,1,0,65534,32010,31627,53045,ack:6  loop:698
14:25:34 ,50028,23465,23493,23443,0,0,3,0,1,1,0,32106,31531,52999,ack:6  loop:799
14:25:35 ,50032,23467,23468,23459,1,1,2,2,2,1,65535,31914,31627,52903,ack:6  loop:800
14:25:36 ,50026,23516,23531,23482,0,3,0,1,3,0,65526,32106,31531,53117,ack:6  loop:779
14:25:37 ,50026,23520,23539,23505,3,1,3,1,1,2,65533,32106,31627,53259,ack:6  loop:759
14:25:38 ,50016,23499,23520,23499,1,3,2,0,2,2,65534,32106,31531,53107,ack:6  loop:800
14:25:38 ,50022,23511,23511,23464,3,3,2,4,2,2,65527,32106,31531,53080,ack:6  loop:779
14:25:39 ,50022,23514,23524,23503,2,4,1,0,2,2,65533,32202,31435,53136,ack:6  loop:800
14:25:40 ,50018,23518,23530,23511,1,0,2,0,1,0,65535,32106,31531,53145,ack:6  loop:720
14:25:41 ,50018,23517,23522,23512,4,1,1,0,2,0,65535,32106,31531,53141,ack:6  loop:779
14:25:41 ,50022,23517,23526,23491,3,1,1,2,3,1,65526,32393,31339,53217,ack:6  loop:779
14:25:42 ,50024,23514,23537,23504,1,1,2,2,2,1,65532,31914,31627,53053,ack:6  loop:779
14:25:43 ,50030,23511,23530,23507,1,1,1,1,1,0,65533,32010,31723,53241,ack:6  loop:719
14:25:44 ,50034,23518,23526,23480,0,2,1,2,2,1,65533,32106,31627,53224,ack:6  loop:759
14:25:44 ,50036,23486,23508,23475,2,2,1,1,1,1,65534,32010,31627,53076,ack:6  loop:738
14:25:45 ,50040,23494,23497,23469,1,2,0,1,0,1,65532,32106,31627,53162,ack:6  loop:759
14:25:46 ,50030,23496,23496,23445,1,2,1,2,2,1,65531,32010,31627,53036,ack:6  loop:739
14:25:47 ,50036,23477,23478,23461,0,0,1,1,2,1,65531,32010,31531,52921,ack:6  loop:820
14:25:48 ,50032,23476,23482,23458,2,1,0,2,2,2,65534,31914,31531,52828,ack:6  loop:779
14:25:48 ,50030,23481,23484,23456,0,2,1,0,0,1,0,31914,31531,52828,ack:6  loop:699
14:25:49 ,50026,23470,23483,23452,2,2,2,2,2,0,65526,32106,31435,52900,ack:6  loop:780
14:25:50 ,50030,23462,23474,23450,1,3,1,0,0,0,6,31914,31627,52896,ack:6  loop:718
14:25:50 ,50032,23467,23487,23467,4,0,1,1,2,3,65528,32010,31435,52829,ack:6  loop:759
14:25:51 ,50022,23503,23503,23482,3,1,1,1,1,1,65534,32010,31627,53081,ack:6  loop:760
14:25:52 ,50018,23494,23500,23468,3,2,0,2,0,1,65535,31914,31627,52956,ack:6  loop:739
14:25:53 ,50022,23503,23503,23465,1,0,1,2,1,1,65533,32010,31531,52965,ack:6  loop:740
14:25:54 ,50026,23493,23510,23481,1,1,1,2,1,1,65523,32202,31435,53069,ack:6  loop:819
14:25:54 ,50020,23495,23496,23475,1,2,0,1,1,1,3,31914,31627,52964,ack:6  loop:720
14:25:55 ,50020,23473,23489,23473,0,0,0,1,2,3,65535,32010,31627,53025,ack:6  loop:779
14:25:56 ,50022,23509,23509,23473,1,1,1,1,2,0,0,31914,31627,52988,ack:6  loop:739
14:25:57 ,50020,23504,23516,23498,2,2,0,1,0,2,65533,32010,31627,53107,ack:6  loop:780
14:25:57 ,50020,23480,23505,23461,1,4,0,0,3,1,2,32010,31531,52946,ack:6  loop:738
14:25:58 ,50020,23489,23493,23474,2,2,3,0,2,0,65526,32106,31531,53040,ack:6  loop:819
14:25:59 ,50020,23456,23480,23453,2,1,1,0,0,0,0,31914,31627,52882,ack:6  loop:700
14:26:00 ,50016,23466,23489,23458,1,2,1,0,0,3,0,31914,31627,52905,ack:6  loop:719
14:26:00 ,50016,23439,23469,23439,2,0,1,0,1,1,65531,32010,31435,52736,ack:6  loop:820
14:26:01 ,50012,23456,23456,23411,2,2,0,2,2,1,65531,31914,31531,52712,ack:6  loop:739
14:26:02 ,50004,23447,23470,23447,3,1,1,2,1,1,65531,31914,31531,52745,ack:6  loop:779
14:26:03 ,50002,23444,23451,23421,2,2,0,2,2,3,0,31914,31531,52702,ack:6  loop:720
14:26:03 ,50000,23476,23476,23449,0,2,3,0,2,0,1,31914,31627,52878,ack:6  loop:719
14:26:04 ,50002,23479,23479,23432,3,3,1,1,0,1,0,31914,31531,52774,ack:6  loop:699
14:26:05 ,50000,23505,23505,23471,0,2,2,0,1,1,65532,32106,31531,53048,ack:6  loop:800
14:26:06 ,50004,23481,23508,23472,0,2,2,1,1,1,65532,32106,31627,53129,ack:6  loop:780
14:26:06 ,49994,23498,23511,23482,0,1,1,2,2,0,65531,32010,31627,53051,ack:6  loop:800
14:26:07 ,49994,23483,23516,23483,1,0,2,0,3,1,0,31914,31627,52952,ack:6  loop:740
14:26:08 ,49992,23492,23500,23469,0,4,2,1,1,2,65526,32010,31531,52922,ack:FF ack:FF ack:FF ack:FF ack:FF ack:FF ack:FF ack:FF ack:FF ack:FF ack:FF ack:FF ack:FF ack:FF ack:FF ack:FF ack:FF ack:FF ack:FF ack:FF ack:FF ack:FF ack:FF ack:FF ack:FF ack:FF ack:FF ack:FF ack:FF ack:FF ack:FF ack:FF ack:FF ack:FF ack:FF ack:FF ack:FF ack:FF ack:FF ack:FF ack:FF ack:FF ack:FF ack:FF ack:FF ack:FF ack:FF ack:FF ack:FF ack:FF ack:FF ack:FF ack:FF ack:FF ack:FF ack:FF ack:FF ack:FF ack:FF ack:FF ack:FF ack:FF ack:FF ack:FF ack:FF ack:FF ack:FF ack:FF ack:FF ack:BF ack:FF ack:FF ack:FF ack:FF ack:FF ack:FF ack:FF ack:FF ack:FF ack:FF ack:FF ack:FF ack:FF ack:FD ack:FF ack:FF ack:FF ack:FF ack:FF ack:FF ack:FF ack:FF ack:FF ack:FF ack:FF ack:FF ack:FF ack:FF ack:FF ack:FF ack:FF ack:FF ack:FF ack:FF ack:BF ack:FF ack:FF ack:FF ack:FF ack:FF ack:FF ack:F7 ack:FF ack:FF ack:FF ack:FF ack:FF ack:FF ack:FF ack:FF ack:FF ack:FF ack:FF ack:FF ack:FF ack:FF ack:FF ack:FF ack:FF ack:FF ack:FF ack:FF ack:BF ack:FF ack:FF ack:FF ack:FF ack:FF ack:FF ack:FF ack:FF ack:FF ack:FF ack:FF ack:FF ack:FF ack:FF ack:FF ack:FF ack:FF ack:FF ack:FF ack:FF ack:FE ack:FF ack:FF ack:FF ack:FF ack:FF ack:FF ack:FB ack:FF ack:FF ack:FF ack:FF ack:FF ack:FF ack:FF ack:FF ack:FF ack:FF ack:FF ack:FF ack:FF ack:FF ack:FF ack:FF ack:FF ack:FF ack:FF ack:FF ack:FF ack:FF ack:FF ack:FF ack:FF ack:FF ack:FF ack:FF ack:FF ack:FF ack:FF ack:FF ack:FF ack:FF ack:FF ack:FF ack:FF ack:FF ack:FF ack:FF ack:FF ack:DF ack:FF ack:FF ack:FF ack:FF ack:FF ack:FF ack:FF ack:FF ack:FF ack:FF ack:FF ack:FF ack:FF ack:FF ack:FF ack:FF ack:FF ack:FF ack:FF ack:FF ack:FF ack:FF ack:FF ack:FF ack:FF ack:FF ack:FF ack:FF ack:FF ack:FF ack:FF ack:FF ack:FF ack:FF ack:FF ack:FF ack:FF ack:FF ack:FF ack:FF ack:FF ack:FF ack:FF ack:FF ack:FF ack:FF ack:FF ack:FF ack:FF ack:FF ack:FF ack:FF ack:FF ack:FF ack:FF ack:FF ack:FF ack:FF ack:FF ack:FF ack:FF ack:FF ack:FB ack:FF ack:FF ack:FF ack:FF ack:FF ack:FF ack:DF ack:FF ack:FF ack:FF ack:FF ack:FF ack:FF ack:FF ack:FF ack:FF ack:FF ack:FF ack:FF ack:FF ack:FF ack:FF ack:FF ack:FF ack:FF ack:FF ack:FF ack:FD ack:FF ack:FF ack:FF ack:FF ack:FF ack:FF ack:FF ack:FF ack:FF ack:FF ack:FF ack:FF ack:FF ack:FF ack:FF ack:FF ack:FF ack:FF ack:FF ack:FF ack:FF ack:FF ack:FF ack:FF ack:FF ack:FF ack:FF ack:FF ack:FF ack:FF ack:FF ack:FF ack:FF ack:FF ack:FF ack:FF ack:FF ack:FF ack:FF ack:F7 ack:FF ack:FF ack:FF ack:FF ack:FF ack:FF ack:FF ack:FF ack:FF ack:FF ack:FF ack:FF ack:FF ack:FF ack:FF ack:FF ack:FF ack:FF ack:FF ack:FF ack:FF ack:FF ack:FF ack:FF ack:FF ack:FF ack:FF ack:BF ack:FF ack:FF ack:FF ack:FF ack:FF ack:FF ack:FF ack:FF ack:FF ack:FF ack:FF ack:FF ack:FF ack:FF ack:FF ack:FF ack:FF ack:FF ack:FF ack:FF ack:FE ack:FF ack:FF ack:FF ack:FF ack:FF ack:FF ack:DF ack:FF ack:FF ack:FF ack:FF ack:FF ack:FF ack:FB ack:FF ack:FF ack:FF ack:FF ack:FF ack:FF ack:FF ack:FF ack:FF ack:FF ack:FF ack:FF ack:FF ack:FF ack:FF ack:FF ack:FF ack:FF ack:FF ack:FF ack:FF ack:FF ack:FF ack:FF ack:FF ack:FF ack:FF ack:DF ack:FF ack:FF ack:FF ack:FF ack:FF ack:FF ack:FF ack:FF ack:FF ack:FF ack:FF ack:FF ack:6  loop:5817
14:26:14 ,50030,23468,23490,23454,2,0,2,2,0,1,65535,31914,31627,52917,ack:6  loop:700
14:26:14 ,50030,23438,23463,23438,2,3,0,3,2,3,65534,31914,31531,52753,ack:6  loop:759
14:26:15 ,50032,23422,23450,23422,4,3,2,2,1,1,65530,31914,31531,52706,ack:6  loop:799
14:26:16 ,50036,23443,23456,23438,1,2,1,2,1,1,65530,32010,31531,52844,ack:6  loop:819
14:26:17 ,50028,23457,23463,23452,2,2,0,0,1,2,65535,31914,31531,52779,ack:6  loop:779
14:26:18 ,50026,23446,23460,23435,3,4,3,0,1,1,65533,31914,31627,52845,ack:6  loop:720
14:26:18 ,50022,23460,23467,23434,0,2,3,1,3,3,65527,32010,31531,52855,ack:6  loop:799
14:26:19 ,50024,23463,23476,23445,2,4,1,0,0,1,0,31914,31627,52885,ack:6  loop:719
14:26:20 ,50016,23445,23454,23445,3,1,0,1,3,2,65535,32010,31435,52742,ack:6  loop:819
14:26:21 ,50012,23489,23489,23451,0,2,0,1,1,0,65533,32010,31435,52815,ack:6  loop:819
14:26:21 ,50016,23497,23503,23469,0,1,1,2,1,1,65528,32202,31531,53144,ack:FF ack:FF ack:FF ack:FF ack:FF ack:FF ack:FF ack:FF ack:FF ack:FF ack:FF ack:FF ack:FF ack:FF ack:FF ack:FF ack:FF ack:FF ack:FF ack:FF ack:FF ack:FF ack:FF ack:FF ack:FF ack:FF ack:FF ack:FF ack:FF ack:FF ack:FF ack:FF ack:FF ack:FF ack:FF ack:FF ack:FF ack:FF ack:FF ack:FF ack:FF ack:FF ack:FF ack:FF ack:FF ack:FF ack:FF ack:FF ack:FF ack:FF ack:FF ack:FF ack:FF ack:FF ack:FF ack:9F ack:FF ack:FF ack:FF ack:FF ack:FF ack:FF ack:FB ack:FF ack:FF ack:FF ack:FF ack:FF ack:FF ack:EF ack:FF ack:FF ack:FF ack:FF ack:FF ack:FF ack:FF ack:FF ack:FF ack:FF ack:FF ack:FF ack:FF ack:FF ack:FF ack:FF ack:FF ack:FF ack:FF ack:FF ack:DF ack:FF ack:FF ack:FF ack:FF ack:FF ack:FF ack:FB ack:FF ack:FF ack:FF ack:FF ack:FF ack:FF ack:FF ack:FF ack:FF ack:FF ack:FF ack:FF ack:FF ack:FD ack:FF ack:FF ack:FF ack:FF ack:FF ack:FF ack:F7 ack:FF ack:FF ack:FF ack:FF ack:FF ack:FF ack:FB ack:FF ack:FF ack:FF ack:FF ack:FF ack:FF ack:FF ack:FF ack:FF ack:FF ack:FF ack:FF ack:FF ack:FF ack:FF ack:FF ack:FF ack:FF ack:FF ack:FF ack:F7 ack:FF ack:FF ack:FF ack:FF ack:FF ack:FF ack:FB ack:FF ack:FF ack:FF ack:FF ack:FF ack:FF ack:EF ack:FF ack:FF ack:FF ack:FF ack:FF ack:FF ack:FF ack:FF ack:FF ack:FF ack:FF ack:FF ack:FF ack:FF ack:FF ack:FF ack:FF ack:FF ack:FF ack:FF ack:FB ack:FF ack:FF ack:FF ack:FF ack:FF ack:FF ack:FF ack:FF ack:FF ack:FF ack:FF ack:FF ack:FF ack:BF ack:FF ack:FF ack:FF ack:FF ack:FF ack:FF ack:BF ack:FF ack:FF ack:FF ack:FF ack:FF ack:FF ack:FF ack:FF ack:FF ack:FF ack:FF ack:FF ack:FF ack:FE ack:FF ack:FF ack:FF ack:FF ack:FF ack:FF ack:FB ack:FF ack:FF ack:FF ack:FF ack:FF ack:FF ack:FF ack:FF ack:FF ack:FF ack:FF ack:FF ack:FF ack:FF ack:FF ack:FF ack:FF ack:FF ack:FF ack:FF ack:FF ack:FF ack:FF ack:FF ack:FF ack:FF ack:FF ack:FF ack:FF ack:FF ack:FF ack:FF ack:FF ack:FF ack:FF ack:FF ack:FF ack:FF ack:FF ack:FF ack:FF ack:FF ack:FF ack:FF ack:FF ack:FF ack:FF ack:FF ack:DF ack:FF ack:FF ack:FF ack:FF ack:FF ack:FF ack:FF ack:FF ack:FF ack:FF ack:FF ack:FF ack:FF ack:FF ack:FF ack:FF ack:FF ack:FF ack:FF ack:FF ack:FF ack:FF ack:FF ack:FF ack:FF ack:FF ack:FF ack:FF ack:FF ack:FF ack:FF ack:FF ack:FF ack:FF ack:FF ack:FF ack:FF ack:FF ack:FF ack:FF ack:FF ack:FF ack:FF ack:FF ack:FF ack:FF ack:FF ack:FF ack:FF ack:FF ack:FF ack:FF ack:FF ack:FF ack:FF ack:FF ack:FF ack:FF ack:FF ack:FF ack:DF ack:FF ack:FF ack:FF ack:FF ack:FF ack:FF ack:FB ack:FF ack:FF ack:FF ack:FF ack:FF ack:FF ack:FF ack:FF ack:FF ack:FF ack:FF ack:FF ack:FF ack:BF ack:FF ack:FF ack:FF ack:FF ack:FF ack:FF ack:FD ack:FF ack:FF ack:FF ack:FF ack:FF ack:FF ack:BF ack:FF ack:FF ack:FF ack:FF ack:FF ack:FF ack:DF ack:FF ack:FF ack:FF ack:FF ack:FF ack:FF ack:FF ack:FF ack:FF ack:FF ack:FF ack:FF ack:FF ack:DF ack:FF ack:FF ack:FF ack:FF ack:FF ack:FF ack:BF ack:FF ack:FF ack:FF ack:FF ack:FF ack:FF ack:FE ack:FF ack:FF ack:FF ack:FF ack:FF ack:FF ack:FF ack:FF ack:FF ack:FF ack:FF ack:FF ack:FF ack:FF ack:FF ack:FF ack:FF ack:FF ack:FF ack:FF ack:F7 ack:FF ack:FF ack:FF ack:FF ack:FF ack:FF ack:BF ack:FF ack:FF ack:FF ack:FF ack:FF ack:FF ack:FF ack:FF ack:FF ack:FF ack:FF ack:FF ack:FF ack:DF ack:FF ack:FF ack:FF ack:FF ack:FF ack:FF ack:EF ack:FF ack:FF ack:FF ack:FF ack:FF ack:FF ack:DF ack:FF ack:FF ack:FF ack:FF ack:FF ack:FF ack:FD ack:FF ack:FF ack:FF ack:FF ack:FF ack:FF ack:BF ack:FF ack:FF ack:FF ack:FF ack:FF ack:FF ack:FF ack:FF ack:FF ack:FF ack:FF ack:FF ack:FF ack:FF ack:FF ack:FF ack:FF ack:FF ack:FF ack:FF ack:FB ack:FF ack:FF ack:FF ack:FF ack:FF ack:FF ack:FF ack:FF ack:FF ack:FF ack:FF ack:FF ack:FF ack:FF ack:FF ack:FF ack:FF ack:FF ack:FF ack:FF ack:EF ack:FF ack:FF ack:FF ack:FF ack:FF ack:FF ack:FF ack:FF ack:FF ack:FF ack:FF ack:FF ack:FF ack:FF ack:FF ack:FF ack:FF ack:FF ack:FF ack:FF ack:BE ack:FF ack:FF ack:FF ack:FF ack:FF ack:FF ack:FF ack:FF ack:FF ack:FF ack:FF ack:FF ack:FF ack:FF ack:FF ack:FF ack:FF ack:FF ack:FF ack:FF ack:FF ack:FF ack:FF ack:FF ack:FF ack:FF ack:FF ack:FF ack:FF ack:FF ack:FF ack:FF ack:FF ack:FF ack:FF ack:FF ack:FF ack:FF ack:FF ack:FF ack:FF ack:FF ack:FF ack:FF ack:FF ack:FF ack:FF ack:FF ack:FF ack:FF ack:FF ack:FF ack:FF ack:FF ack:FF ack:FF ack:FF ack:FF ack:FF ack:FF ack:FF ack:FF ack:FF ack:FF ack:FF ack:FF ack:FF ack:FF ack:FF ack:FF ack:FF ack:FF ack:FF ack:FF ack:FF ack:FF ack:FF ack:FF ack:FF ack:FF ack:FF ack:FF ack:FF ack:FF ack:FF ack:FF ack:FF ack:FF ack:FF ack:FF ack:FF ack:FF ack:FF ack:FF ack:FF ack:FF ack:FF ack:FF ack:FF ack:FF ack:FF ack:FF ack:FF ack:FF ack:FF ack:FF ack:FF ack:FF ack:FF ack:EF ack:FF ack:FF ack:FF ack:FF ack:FF ack:FF ack:BF ack:FF ack:FF ack:FF ack:FF ack:FF ack:FF ack:DF ack:FF ack:FF ack:FF ack:FF ack:FF ack:FF ack:FF ack:FF ack:FF ack:FF ack:FF ack:FF ack:FF ack:FF ack:FF ack:FF ack:FF ack:FF ack:FF ack:FF ack:BF ack:FF ack:FF ack:FF ack:FF ack:FF ack:FF ack:FF ack:FF ack:FF ack:FF ack:FF ack:FF ack:FF ack:FF ack:FF ack:FF ack:FF ack:FF ack:FF ack:FF ack:FE ack:FF ack:FF ack:FF ack:FF ack:FF ack:FF ack:FD ack:FF ack:FF ack:FF ack:FF ack:FF ack:FF ack:FD ack:FF ack:FF ack:FF ack:FF ack:FF ack:FF ack:DF ack:FF ack:FF ack:FF ack:FF ack:FF ack:FF ack:BF ack:FF ack:FF ack:FF ack:FF ack:FF ack:FF ack:FF ack:FF ack:FF ack:FF ack:FF ack:FF ack:FF ack:FF ack:FF ack:FF ack:FF ack:FF ack:FF ack:FF ack:FD ack:FF ack:FF ack:FF ack:FF ack:FF ack:FF ack:DF ack:FF ack:FF ack:FF ack:FF ack:FF ack:FF ack:FF ack:FF ack:FF ack:FF ack:FF ack:FF ack:FF ack:FF ack:FF ack:FF ack:FF ack:FF ack:FF ack:FF ack:FF ack:FF ack:FF ack:FF ack:FF ack:FF ack:FF ack:FF ack:FF ack:FF ack:FF ack:FF ack:FF ack:FF ack:FE ack:FF ack:FF ack:FF ack:FF ack:FF ack:FF ack:FB ack:FF ack:FF ack:FF ack:FF ack:FF ack:FF ack:FF ack:FF ack:FF ack:FF ack:FF ack:FF ack:FF ack:F7 ack:FF ack:FF ack:FF ack:FF ack:FF ack:FF ack:FF ack:FF ack:FF ack:FF ack:FF ack:FF ack:FF ack:FF ack:FF ack:FF ack:FF ack:FF ack:FF ack:FF ack:FF ack:FF ack:FF ack:FF ack:FF ack:FF ack:FF ack:FF ack:FF ack:FF ack:FF ack:FF ack:FF ack:FF ack:FF ack:FF ack:FF ack:FF ack:FF ack:FF ack:FF ack:FF ack:FF ack:FF ack:FF ack:FF ack:FF ack:FF ack:FF ack:FF ack:FF ack:FF ack:FF ack:FF ack:FF ack:FF ack:FF ack:FF ack:FF ack:FF ack:FF ack:FF ack:FF ack:FF ack:FF ack:FF ack:FF ack:FF ack:FF ack:FF ack:FF ack:FF ack:FF ack:FF ack:FF ack:FF ack:FF ack:FF ack:FF ack:FF ack:FF ack:FF ack:FF ack:FF ack:FF ack:FF ack:FF ack:FF ack:FE ack:FF ack:FF ack:FF ack:FF ack:FF ack:FF ack:FE ack:FF ack:FF ack:FF ack:FF ack:FF ack:FF ack:FF ack:FF ack:FF ack:FF ack:FF ack:FF ack:FF ack:DF ack:FF ack:FF ack:FF ack:FF ack:FF ack:FF ack:FF ack:FF ack:FF ack:FF ack:FF ack:FF ack:FF ack:FB ack:FF ack:FF ack:FF ack:FF ack:FF ack:FF ack:FF ack:FF ack:FF ack:FF ack:FF ack:FF ack:FF ack:FF ack:FF ack:FF ack:FF ack:FF ack:FF ack:FF ack:FF ack:FF ack:FF ack:FF ack:FF ack:FF ack:FF ack:F7 ack:FF ack:FF ack:FF ack:FF ack:FF ack:FF ack:FF ack:FF ack:FF ack:FF ack:FF ack:FF ack:FF ack:FF ack:FF ack:FF ack:FF ack:FF ack:FF ack:FF ack:FF ack:FF ack:FF ack:FF ack:FF ack:FF ack:FF ack:FF ack:FF ack:FF ack:FF ack:FF ack:FF ack:FF ack:FF ack:FF ack:FF ack:FF ack:FF ack:FF ack:FF ack:FF ack:FF ack:FF ack:FF ack:FF ack:FF ack:FF ack:FF ack:FF ack:FF ack:FF ack:FF ack:FF ack:FF ack:FF ack:FF ack:FF ack:FF ack:FF ack:FF ack:FF ack:FF ack:FF ack:FF ack:FF ack:FF ack:FF ack:FF ack:FF ack:FF ack:FF ack:FF ack:FF ack:FF ack:FF ack:FF ack:FF ack:FF ack:FF ack:FF ack:FF ack:FF ack:FF ack:FF ack:FF ack:FF ack:FF ack:FF ack:FF ack:FF ack:FF ack:FF ack:FF ack:FF ack:FF ack:FF ack:FF ack:FF ack:FF ack:FF ack:FF ack:FF ack:FE ack:FF ack:FF ack:FF ack:FF ack:FF ack:FF ack:FF ack:FF ack:FF ack:FF ack:FF ack:FF ack:FF ack:FF ack:FF ack:FF ack:FF ack:FF ack:FF ack:FF ack:FF ack:FF ack:FF ack:FF ack:FF ack:FF ack:FF ack:FF ack:FF ack:FF ack:FF ack:FF ack:FF ack:FD ack:FF ack:FF ack:FF ack:FF ack:FF ack:FF ack:FF ack:FF ack:FF ack:FF ack:FF ack:FF ack:FF ack:FF ack:FF ack:FF ack:FF ack:FF ack:FF ack:FF ack:FF ack:FF ack:FF ack:FF ack:FF ack:FF ack:FF ack:DF ack:FF ack:FF ack:FF ack:FF ack:FF ack:FF ack:FB ack:FF ack:FF ack:FF ack:FF ack:FF ack:FF ack:FF ack:FF ack:FF ack:FF ack:FF ack:FF ack:FF ack:FF ack:FF ack:FF ack:FF ack:FF ack:FF ack:FF ack:FF ack:FF ack:FF ack:FF ack:FF ack:FF ack:FF ack:FF ack:FF ack:FF ack:FF ack:FF ack:FF ack:FF ack:FF ack:FF ack:FF ack:FF ack:FF ack:FF ack:FF ack:FF ack:FF ack:FF ack:FF ack:FF ack:FF ack:FF ack:FF ack:FF ack:FF ack:FF ack:FF ack:FF ack:FF ack:FF ack:FF ack:FF ack:FF ack:FF ack:FF ack:FF ack:FB ack:FF ack:FF ack:FF ack:FF ack:FF ack:FF ack:FF ack:FF ack:FF ack:FF ack:FF ack:FF ack:FF ack:FF ack:FF ack:FF ack:FF ack:FF ack:FF ack:FF ack:EF ack:FF ack:FF ack:FF ack:FF ack:FF ack:FF ack:FF ack:FF ack:FF ack:FF ack:FF ack:FF ack:FF ack:FF ack:FF ack:FF ack:FF ack:FF ack:FF ack:FF ack:FF ack:FF ack:FF ack:FF ack:FF ack:FF ack:FF ack:FF ack:FF ack:FF ack:FF ack:FF ack:FF ack:FF ack:FF ack:FF ack:FF ack:FF ack:FF ack:FF ack:FF ack:FF ack:FF ack:FF ack:FF ack:FF ack:FF ack:FF ack:FF ack:FF ack:FF ack:FF ack:FF ack:FF ack:EF ack:FF ack:FF ack:FF ack:FF ack:FF ack:FF ack:FF ack:FF ack:FF ack:FF ack:FF ack:FF ack:FF ack:FF ack:FF ack:FF ack:FF ack:FF ack:FF ack:FF ack:FF ack:FF ack:FF ack:FF ack:FF ack:FF ack:FF ack:FF ack:FF ack:FF ack:FF ack:FF ack:FF ack:FF ack:FF ack:FF ack:FF ack:FF ack:FF ack:FF ack:FF ack:FF ack:FF ack:FF ack:FF ack:FF ack:FF ack:DF ack:FF ack:FF ack:FF ack:FF ack:FF ack:FF ack:DF ack:FF ack:FF ack:FF ack:FF ack:FF ack:FF ack:FF ack:FF ack:FF ack:FF ack:FF ack:FF ack:FF ack:FF ack:FF ack:FF ack:FF ack:FF ack:FF ack:FF ack:EF ack:FF ack:FF ack:FF ack:FF ack:FF ack:FF ack:F7 ack:FF ack:FF ack:FF ack:FF ack:FF ack:FF ack:BF ack:FF ack:FF ack:FF ack:FF ack:FF ack:FF ack:FF ack:FF ack:FF ack:FF ack:FF ack:FF ack:FF ack:FF ack:FF ack:FF ack:FF ack:FF ack:FF ack:FF ack:FF ack:FF ack:FF ack:FF ack:FF ack:FF ack:FF ack:FF ack:FF ack:FF ack:FF ack:FF ack:FF ack:FF ack:FF ack:FF ack:FF ack:FF ack:FF ack:FF ack:BF ack:FF ack:FF ack:FF ack:FF ack:FF ack:FF ack:FF ack:BF ack:FF ack:FF ack:FF ack:FF ack:FF ack:FF ack:FF ack:FF ack:FF ack:FF ack:FF ack:FF ack:FF ack:DF ack:FF ack:FF ack:FF ack:FF ack:FF ack:FF ack:FF ack:FF ack:FF ack:FF ack:FF ack:FF ack:FF ack:FF ack:FF ack:FF ack:FF ack:FF ack:FF ack:FF ack:FF ack:FF ack:FF ack:FF ack:FF ack:FF ack:FF ack:FF ack:FF ack:FF ack:FF ack:FF ack:FF ack:FF ack:FF ack:FF ack:FF ack:FF ack:FF ack:FF ack:FF ack:FF ack:FF ack:FF ack:FF ack:FF ack:FF ack:FF ack:FF ack:FF ack:FF ack:FF ack:FF ack:FF ack:FF ack:FF ack:FF ack:FF ack:FF ack:FF ack:FF ack:FF ack:FF ack:FF ack:FF ack:FF ack:FF ack:FF ack:FF ack:FF ack:FF ack:FF ack:FF ack:FF ack:FF ack:FF ack:FF ack:FF ack:FF ack:FF ack:FF ack:F7 ack:FF ack:FF ack:FF ack:FF ack:FF ack:FF ack:FF ack:FF ack:FF ack:FF ack:FF ack:FF ack:FF ack:FF ack:FF ack:FF ack:FF ack:FF ack:FF ack:FF ack:FF ack:FF ack:FF ack:FF ack:FF ack:FF ack:FF ack:FF ack:FF ack:FF ack:FF ack:FF ack:FF ack:FF ack:FF ack:FF ack:FF ack:FF ack:FF ack:FF ack:FF ack:FF ack:FF ack:FF ack:FF ack:FF ack:FF ack:FF ack:FF ack:FF ack:FF ack:FF ack:FF ack:FF ack:FF ack:FE ack:FF ack:FF ack:FF ack:FF ack:FF ack:FF ack:FF ack:FF ack:FF ack:FF ack:FF ack:FF ack:FF ack:FE ack:FF ack:FF ack:FF ack:FF ack:FF ack:FF ack:FF ack:FF ack:FF ack:FF ack:FF ack:FF ack:FF ack:FF ack:FF ack:FF ack:FF ack:FF ack:FF ack:FF ack:BF ack:FF ack:FF ack:FF ack:FF ack:FF ack:BF ack:FF ack:FF ack:FF ack:FF ack:FF ack:FF ack:FF ack:FF ack:FF ack:FF ack:FF ack:FF ack:FF ack:FF ack:FF ack:FF ack:FF ack:FF ack:FF ack:FF ack:FF ack:FF ack:FF ack:FF ack:FF ack:FF ack:FF ack:FF ack:FF ack:FF ack:FF ack:FF ack:FF ack:FF ack:FF ack:FF ack:FF ack:FF ack:FF ack:FF ack:FF ack:FF ack:FF ack:FF ack:FF ack:FF ack:FF ack:FF ack:FF ack:FF ack:FF ack:FF ack:FF ack:FF ack:FF ack:FF ack:FF ack:FF ack:FF ack:FF ack:FF ack:FF ack:FF ack:FF ack:FF ack:FF ack:FF ack:FF ack:FF ack:BF ack:FF ack:FF ack:FF ack:FF ack:FF ack:FB ack:FF ack:FF ack:FF ack:FF ack:FF ack:FF ack:F7 ack:FF ack:FF ack:FF ack:FF ack:FF ack:FF ack:FF ack:FF ack:FF ack:FF ack:FF ack:FF ack:FF ack:FB ack:FF ack:FF ack:FF ack:FF ack:FF ack:FF ack:FF ack:FF ack:FF ack:FF ack:FF ack:FF ack:FF ack:FD ack:FF ack:FF ack:FF ack:FF ack:FF ack:FF ack:FB ack:FF ack:FF ack:FF ack:FF ack:FF ack:FF ack:FF ack:FF ack:FF ack:FF ack:FF ack:FF ack:FF ack:FF ack:FF ack:FF ack:FF ack:FF ack:FF ack:FF ack:FF ack:FF ack:FF ack:FF ack:FF ack:FF ack:FF ack:BF ack:FF ack:FF ack:FF ack:FF ack:FF ack:FF ack:FF ack:FF ack:FF ack:FF ack:FF ack:FF ack:FF ack:FE ack:FF ack:FF ack:FF ack:FF ack:FF ack:FF ack:BF ack:FF ack:FF ack:FF ack:FF ack:FF ack:FF ack:F7 ack:FF ack:FF ack:FF ack:FF ack:FF ack:FF ack:FF ack:FF ack:FF ack:FF ack:FF ack:FF ack:FF ack:FF ack:FF ack:FF ack:FF ack:FF ack:FF ack:FF ack:FF ack:FF ack:FF ack:FF ack:FF ack:FF ack:FF ack:FF ack:FF ack:FF ack:FF ack:FF ack:FF ack:FF ack:FD ack:FF ack:FF ack:FF ack:FF ack:FF ack:FF ack:FF ack:FF ack:FF ack:FF ack:FF ack:FF ack:FF ack:FF ack:FF ack:FF ack:FF ack:FF ack:FF ack:FF ack:FF ack:FF ack:FF ack:FF ack:FF ack:FF ack:FF ack:FF ack:FF ack:FF ack:FF ack:FF ack:FF ack:FF ack:FF ack:FF ack:FF ack:FF ack:FF ack:FF ack:FF ack:FF ack:FF ack:FF ack:FF ack:FF ack:FD ack:FF ack:FF ack:FF ack:FF ack:FF ack:FF ack:FD ack:FF ack:FF ack:FF ack:FF ack:FF ack:FF ack:EF ack:FF ack:FF ack:FF ack:FF ack:FF ack:FF ack:EF ack:FF ack:FF ack:FF ack:FF ack:FF ack:FF ack:FF ack:FF ack:FF ack:FF ack:FF ack:FF ack:FF ack:BF ack:FF ack:FF ack:FF ack:FF ack:FF ack:FF ack:F7 ack:FF ack:FF ack:FF ack:FF ack:FF ack:FF ack:BF ack:FF ack:FF ack:FF ack:FF ack:FF ack:FF ack:FF ack:FF ack:FF ack:FF ack:FF ack:FF ack:FF ack:BF ack:FF ack:FF ack:FF ack:FF ack:FF ack:FF ack:FD ack:FF ack:FF ack:FF ack:FF ack:FF ack:FF ack:FF ack:FF ack:FF ack:FF ack:FF ack:FF ack:FF ack:FD ack:FF ack:FF ack:FF ack:FF ack:FF ack:FF ack:FE ack:FF ack:FF ack:FF ack:FF ack:FF ack:FF ack:FF ack:FF ack:FF ack:FF ack:FF ack:FF ack:FF ack:FF ack:FF ack:FF ack:FF ack:FF ack:FF ack:FF ack:FF ack:FF ack:FF ack:FF ack:FF ack:FF ack:FF ack:FF ack:FF ack:FF ack:FF ack:FF ack:FF ack:FF ack:FF ack:FF ack:FF ack:FF ack:FF ack:FF ack:FF ack:BF ack:FF ack:FF ack:FF ack:FF ack:FF ack:FF ack:FB ack:FF ack:FF ack:FF ack:FF ack:FF ack:FF ack:F7 ack:FF ack:FF ack:FF ack:FF ack:FF ack:FF ack:FF ack:FF ack:FF ack:FF ack:FF ack:FF ack:FF ack:FF ack:FF ack:FF ack:FF ack:FF ack:FF ack:FF ack:FF ack:FF ack:FF ack:FF ack:FF ack:FF ack:FF ack:FF ack:FF ack:FF ack:FF ack:FF ack:FF ack:FF ack:FF ack:FF ack:FF ack:FF ack:FF ack:FF ack:FF ack:FF ack:FF ack:FF ack:FF ack:FF ack:FF ack:FF ack:FF ack:FF ack:FF ack:FF ack:FF ack:FF ack:FF ack:FF ack:FF ack:FF ack:FF ack:FF ack:DF ack:FF ack:FF ack:FF ack:FF ack:FF ack:FF ack:FF ack:FF ack:FF ack:FF ack:FF ack:6  loop:24672
14:26:46 ,50028,23560,23562,23543,0,2,0,2,0,2,65528,32202,31627,53448,ack:6  loop:833
14:26:47 ,50022,23540,23552,23539,1,1,1,0,1,1,1,32010,31723,53320,ack:6  loop:699
14:26:48 ,50026,23498,23534,23498,3,2,1,1,1,1,2,32010,31627,53132,ack:6  loop:720
14:26:48 ,50026,23533,23533,23516,2,3,2,1,2,2,65534,32106,31627,53279,ack:6  loop:740
14:26:49 ,50022,23544,23546,23527,0,3,4,1,2,1,65533,32106,31723,53404,ack:6  loop:739
