--- Terminal on com7 | 115200 8-N-1
--- Available filters and text transformations: colorize, debug, default, direct, esp8266_exception_decoder, hexlify, log2file, nocontrol, printable, send_on_enter, time
--- More details at https://bit.ly/pio-monitor-filters
--- Quit: Ctrl+C | Menu: Ctrl+T | Help: Ctrl+T followed by Ctrl+H
49958,23558,23593,23542,0,0,0,0,0,0,-1,0,0,32106,31723,53407,
14:21:08.67,49956,23558,23586,23556,0,0,0,0,0,1,-4,0,0,32202,31723,53506,
14:21:09.50,49954,23536,23575,23536,1,0,0,1,0,1,0,0,0,32106,31818,53456,
14:21:10.19,49958,23551,23600,23551,1,1,0,0,0,0,0,0,0,32106,31723,53419,
14:21:10.89,49958,23539,23557,23530,0,1,1,1,1,1,-3,0,0,32106,31627,53247,
14:21:11.72,mets 16ms 49962,23544,23544,23532,0,0,2,1,1,2,0,0,0,32010,31723,53249,
14:21:12.42,49964,23557,23559,23546,2,2,1,0,0,0,-2,0,0,32106,31723,53386,
14:21:12.12,49958,23532,23551,23518,1,1,1,0,1,0,2,0,0,32010,31723,53226,
14:21:13.82,49968,23535,23540,23503,1,1,1,0,0,1,-6,0,0,32106,31627,53205,
14:21:14.64,49978,23552,23560,23503,1,2,0,1,1,2,-8,0,0,32202,31627,53349,
14:21:15.46,49978,23573,23573,23545,0,1,2,1,1,2,-4,0,0,32106,31723,53429,
14:21:16.16,49982,23564,23564,23551,0,0,0,0,0,0,-1,0,0,32106,31818,53512,
14:21:16.86,mets 17ms 49986,23546,23569,23536,3,1,1,2,1,0,0,0,0,32106,31723,53402,
14:21:17.56,49989,23560,23563,23540,2,1,1,1,0,0,-2,0,0,32010,31723,53316,
14:21:18.26,49989,23543,23558,23540,0,0,0,2,1,1,-3,0,0,32106,31723,53388,
14:21:18.96,49989,23536,23536,23505,1,2,2,2,2,1,-1,0,0,32106,31723,53332,
14:21:19.66,49992,23516,23550,23516,2,3,1,0,1,1,-1,0,0,32106,31723,53338,
14:21:20.36,49992,23530,23533,23510,2,0,2,0,1,0,0,0,0,32010,31723,53231,
14:21:20.08,49992,23519,23540,23507,1,1,0,0,1,2,-1,0,0,32106,31723,53319,
14:21:21.78,mets 16ms NET 2ms 49992,23526,23539,23521,0,0,1,1,1,1,0,0,0,32106,31723,53339,
14:21:22.48,NET 2ms 49992,23527,23538,23498,2,0,2,2,1,3,-4,0,0,32010,31627,53126,
14:21:23.18,49986,23506,23529,23506,1,2,1,0,1,1,-1,0,0,32106,31723,53289,
14:21:23.88,49984,23544,23544,23517,0,0,0,0,1,0,-1,0,0,32106,31723,53346,
14:21:24.58,49984,23516,23535,23516,0,2,1,1,0,1,-2,0,0,32106,31723,53311,
14:21:25.30,49984,23533,23537,23500,2,2,2,1,0,0,-1,0,0,32010,31627,53125,
14:21:25.00,49982,23502,23543,23502,0,2,2,1,0,1,-4,0,0,32106,31723,53288,
14:21:26.70,mets 18ms 49974,23525,23533,23517,1,0,1,1,1,0,0,0,0,32106,31723,53310,
14:21:27.42,49970,23516,23522,23508,2,1,0,1,1,2,-3,0,0,32010,31627,53085,
14:21:28.18,49966,23533,23533,23510,0,4,2,1,1,0,1,0,0,32106,31627,53212,
14:21:28.97,49968,23521,23530,23507,2,2,2,0,1,2,-3,0,0,32106,31723,53289,
14:21:29.75,49980,23521,23536,23480,2,0,0,1,2,0,-6,0,0,32106,31627,53177,
14:21:30.50,49974,23500,23532,23495,0,1,2,1,0,3,1,0,0,32010,31627,53074,
14:21:31.27,mets 16ms 49972,23505,23520,23490,0,1,2,0,3,3,-6,0,0,32106,31627,53151,
14:21:31.99,49968,23459,23487,23448,1,1,2,0,1,1,0,0,0,31914,31627,52837,
14:21:32.68,49970,23447,23459,23443,1,2,2,1,2,0,0,0,0,31914,31627,52796,
14:21:33.41,49978,23462,23482,23462,1,1,1,2,1,2,0,0,0,31914,31627,52861,
14:21:33.11,49974,23487,23500,23484,1,0,1,0,1,1,0,0,0,32010,31723,53110,
14:21:34.81,49974,23475,23492,23463,3,2,2,1,1,2,-3,0,0,32010,31627,52977,
14:21:35.51,49976,23465,23493,23456,2,1,2,1,0,1,-1,0,0,32010,31627,52961,
14:21:36.21,mets 16ms 49972,23477,23490,23470,3,2,2,1,1,3,-1,0,0,32106,31627,53081,
14:21:36.91,49966,23484,23493,23463,1,4,1,1,2,2,0,0,0,32010,31627,52982,
14:21:37.61,49968,23473,23476,23455,1,2,2,2,2,1,-3,0,0,32010,31627,52944,
14:21:38.31,49968,23477,23489,23463,0,0,2,1,0,2,-2,0,0,31914,31627,52869,
14:21:38.01,49962,23465,23478,23450,1,1,0,2,1,1,-2,0,0,32010,31627,52924,
14:21:39.71,49964,23440,23481,23440,1,1,2,2,2,2,-3,0,0,32010,31531,52801,
14:21:40.41,49968,23443,23458,23423,0,1,2,2,0,2,-3,0,0,31914,31627,52765,
14:21:40.13,49958,23441,23463,23438,1,0,1,2,2,1,-3,0,0,32010,31531,52773,
14:21:41.83,mets 16ms NET 2ms 49956,23459,23459,23416,0,0,1,0,1,0,-1,0,0,31914,31531,52664,
14:21:42.53,NET 3ms 49962,23453,23460,23428,1,1,1,0,1,0,-2,0,0,31914,31627,52774,
14:21:43.24,49962,23458,23465,23446,0,1,1,1,1,0,-5,0,0,32010,31531,52799,
14:21:43.05,49958,23458,23474,23452,4,2,0,2,1,1,-3,0,0,32010,31627,52914,
14:21:44.77,49962,23433,23450,23396,1,0,1,1,1,0,-4,0,0,31818,31531,52518,
14:21:45.47,49962,23489,23489,23436,1,0,1,1,2,2,0,0,0,31914,31531,52756,
14:21:46.18,49960,23482,23500,23467,2,2,0,0,1,2,-3,0,0,32010,31627,52978,
14:21:46.88,mets 16ms 49956,23492,23515,23466,0,0,2,0,2,0,-3,0,0,32010,31627,52995,
14:21:47.58,49956,23497,23500,23463,0,1,0,0,1,1,-1,0,0,32010,31627,52983,
14:21:48.28,49964,23488,23495,23476,2,2,2,1,1,2,-2,0,0,32010,31627,52996,
14:21:48.98,49958,23447,23491,23447,3,2,1,0,0,2,-1,0,0,32010,31627,52915,
14:21:49.68,49956,23475,23485,23449,1,1,1,1,1,1,-4,0,0,32010,31627,52932,
14:21:50.42,49958,23480,23491,23461,1,3,1,3,1,2,0,0,0,32010,31627,52966,
14:21:51.16,49964,23464,23486,23462,1,1,0,1,0,0,0,0,0,32010,31627,52944,
14:21:51.86,mets 16ms 49960,23460,23488,23444,0,3,1,3,1,2,-1,0,0,32010,31627,52926,
14:21:52.56,49956,23462,23469,23443,1,1,0,2,2,2,0,0,0,32010,31531,52807,
14:21:53.26,49960,23476,23487,23462,2,2,2,2,2,1,-3,0,0,32010,31627,52958,
14:21:53.00,49964,23470,23497,23470,2,1,2,1,1,2,-4,0,0,32010,31627,52971,
14:21:54.70,49966,23438,23468,23438,3,1,2,1,1,1,-3,0,0,31914,31627,52785,
14:21:55.40,49962,23461,23481,23437,1,1,2,2,1,2,0,0,0,32010,31627,52915,
14:21:55.10,49966,23470,23477,23452,2,2,2,1,2,2,-5,0,0,32010,31627,52936,
14:21:56.85,mets 18ms 49968,23493,23493,23463,3,0,1,1,2,1,-2,0,0,32106,31531,52988,
14:21:57.59,49962,23466,23479,23466,2,1,1,1,2,2,-3,0,0,31914,31627,52848,
14:21:58.30,49962,23467,23467,23432,1,3,1,0,1,2,0,0,0,32010,31627,52901,
14:21:58.02,49966,23456,23471,23441,1,3,2,2,1,2,-2,0,0,32010,31531,52812,
14:21:59.73,49964,23447,23487,23447,2,2,1,2,1,2,0,0,0,32010,31531,52824,
14:22:00.43,49966,23473,23482,23464,1,2,1,1,2,1,-4,0,0,32010,31627,52954,
14:22:00.13,49970,23471,23478,23449,3,1,2,2,1,1,-1,0,0,31914,31531,52750,
14:22:01.83,mets 16ms NET 1ms 49968,23506,23506,23459,-1,1,1,2,2,0,-3,0,0,32010,31627,53006,
14:22:02.53,49964,23475,23506,23475,2,1,2,1,0,1,0,0,0,31914,31627,52896,
14:22:03.23,49966,23473,23488,23457,3,3,3,1,1,2,-4,0,0,32010,31627,52958,
14:22:03.93,49966,23465,23471,23432,3,1,1,3,2,2,-3,0,0,32010,31627,52908,
14:22:04.65,49960,23481,23485,23454,1,0,0,2,0,1,-2,0,0,32010,31531,52851,
14:22:05.35,49958,23486,23498,23464,1,2,2,2,1,1,-1,0,0,31914,31627,52883,
14:22:05.05,49960,23479,23488,23465,0,0,1,1,1,1,-3,0,0,32010,31627,52958,
14:22:06.75,mets 16ms 49956,23469,23491,23464,1,4,1,1,1,2,-1,0,0,32010,31627,52954,
14:22:07.45,49960,23482,23493,23477,2,2,3,0,2,1,-3,0,0,32010,31627,52984,
14:22:07.15,49952,23466,23479,23450,2,1,2,0,2,1,-5,0,0,31914,31627,52819,
14:22:08.85,49958,23446,23475,23433,2,2,1,1,2,1,-4,0,0,32010,31531,52786,
14:22:09.55,49960,23468,23473,23439,3,2,2,2,2,1,-3,0,0,31914,31531,52722,
14:22:10.26,49964,23441,23466,23436,0,2,3,1,1,1,-2,0,0,32010,31531,52782,
14:22:10.96,49962,23465,23473,23446,3,0,2,2,2,1,0,0,0,31914,31627,52825,
14:22:11.66,mets 16ms 49960,23443,23456,23436,2,1,0,0,0,0,-2,0,0,31914,31531,52669,
14:22:12.36,49960,23402,23445,23363,3,1,1,1,1,0,-1,0,0,31818,31531,52453,
14:22:12.06,49958,23431,23435,23422,0,0,0,0,1,1,-4,0,0,31914,31531,52617,
14:22:13.76,49956,23438,23447,23413,1,2,1,0,1,1,0,0,0,31914,31531,52633,
14:22:14.46,49960,23436,23443,23429,2,3,1,1,0,2,0,0,0,31914,31531,52650,
14:22:15.16,49960,23466,23466,23450,2,1,2,0,0,1,0,0,0,31914,31531,52721,
14:22:15.86,49960,23479,23479,23447,0,2,2,1,2,1,0,0,0,31914,31627,52842,
14:22:16.56,mets 19ms 49952,23461,23493,23451,1,2,2,0,0,1,-4,0,0,32010,31627,52924,
14:22:17.26,49946,23446,23464,23446,2,0,2,1,1,2,0,0,0,31914,31531,52683,
14:22:17.96,49952,23472,23474,23448,1,1,1,1,0,2,-4,0,0,31914,31627,52817,
14:22:18.66,49942,23493,23507,23468,2,1,1,1,2,1,-1,0,0,31914,31627,52886,
14:22:19.36,49940,23473,23484,23447,3,2,1,1,2,2,-3,0,0,31914,31627,52821,
14:22:19.06,49946,23484,23490,23464,2,1,0,1,1,0,-1,0,0,31914,31627,52857,
14:22:20.76,49942,23494,23504,23478,1,2,1,2,2,1,-2,0,0,32010,31627,52990,
14:22:21.46,mets 17ms 49936,23482,23488,23470,2,1,1,2,2,1,0,0,0,31914,31627,52854,
14:22:22.18,49944,23484,23484,23456,2,0,0,2,1,0,1,0,0,31914,31627,52843,
14:22:22.89,NET 2ms root  8ms 49956,23469,23506,23469,1,1,2,2,2,1,-7,0,0,32106,31531,52967,
14:22:23.71,49950,23462,23476,23462,1,1,0,1,2,1,0,0,0,32010,31531,52825,
14:22:24.41,49956,23447,23462,23423,3,0,1,1,1,1,0,0,0,31914,31531,52668,
14:22:24.13,49956,23459,23459,23435,0,2,1,1,2,1,-1,0,0,31914,31435,52592,
14:22:25.83,49960,23482,23482,23462,0,2,0,1,2,1,0,0,0,31914,31531,52765,
14:22:26.53,mets 17ms 49962,23474,23478,23460,4,1,1,1,1,1,-1,0,0,32010,31531,52851,
14:22:27.23,49962,23476,23476,23438,2,3,1,1,1,1,-3,0,0,31914,31531,52731,
14:22:27.93,49966,23481,23488,23457,0,2,2,0,1,1,-1,0,0,31914,31531,52770,
14:22:28.65,49976,23495,23495,23457,2,1,2,1,1,1,-1,0,0,32010,31531,52899,
14:22:29.35,49978,23487,23493,23485,-1,2,0,2,0,1,-2,0,0,31914,31627,52914,
14:22:29.05,49982,23467,23488,23467,0,0,0,1,1,0,0,0,0,31914,31627,52875,
14:22:30.75,49982,23457,23492,23457,1,0,1,1,1,0,-1,0,0,31914,31627,52860,
14:22:31.45,dir: 70ms NET 2ms mets 19ms 49976,23475,23496,23465,2,2,0,1,0,2,-3,0,0,32010,31627,52981,
14:22:31.15,49970,23469,23469,23420,0,0,1,1,1,1,-1,0,0,31914,31627,52800,
14:22:32.86,49972,23465,23465,23427,1,0,2,1,1,1,-1,0,0,32010,31531,52803,
14:22:33.55,49968,23486,23488,23455,2,1,0,0,2,0,-2,0,0,32010,31627,52965,
14:22:34.25,49964,23487,23501,23471,0,1,1,2,1,0,1,0,0,32010,31627,52994,
14:22:34.96,49970,23483,23484,23455,1,1,1,1,0,0,2,0,0,32010,31627,52963,
14:22:35.66,49968,23513,23513,23488,1,2,0,0,1,1,-2,0,0,32010,31627,53050,
14:22:36.36,mets 16ms 49972,23501,23510,23491,1,2,1,0,0,1,0,0,0,32010,31627,53044,
14:22:36.06,49976,23501,23509,23461,2,1,2,1,2,0,0,0,0,32010,31627,53020,
14:22:37.78,49978,23489,23492,23476,0,1,0,1,0,2,-3,0,0,32010,31627,53001,
14:22:38.48,49976,23475,23487,23467,3,2,0,1,1,2,-3,0,0,32010,31531,52880,
14:22:39.26,49980,23432,23468,23418,1,0,3,1,2,1,-5,0,0,31914,31531,52674,
14:22:39.00,
 ets Jan  8 2013,rst cause:4, boot mode:(3,6)

wdt reset
load 0x4010f000, len 3424, room 16 
tail 0
chksum 0x2e
load 0x3fff20b8, len 40, room 8 
tail 0
chksum 0x2b
csum 0x2b
v0005fe30
~ld
´┐¢´┐¢ÔÉâ´┐¢ÔÉø´┐¢o´┐¢{´┐¢´┐¢o|´┐¢ÔÉädÔÉä´┐¢ÔÉäd`ÔÉâÔÉ£c´┐¢ÔÉôÔÉâÔÉä´┐¢|ÔÉés´┐¢ÔÉâd´┐¢n´┐¢ÔÉî´┐¢n´┐¢ÔÉÇÔÉîl`ÔÉâ´┐¢´┐¢s´┐¢l´┐¢lÔÉø´┐¢ÔÉîÔÉîÔÉî´┐¢
RMS2 slave 20231203


Connecting to TelstraCF6EC7

local IP address: 
192.168.1.62   signal strength: -45 dBm
OTA Ready

Date:6, Time:14:22:54.16,
3121152 bytes available
262144 bytes used
Fatal exception:4 flag:1 (Hardware Watchdog) epc1:0x40225151 epc2:0x00000000 epc3:0x00000000 excvaddr:0x00000000 depc:0x00000000
HTTP server started

 ets Jan  8 2013,rst cause:4, boot mode:(3,6)

wdt reset
load 0x4010f000, len 3424, room 16 
tail 0
chksum 0x2e
load 0x3fff20b8, len 40, room 8 
tail 0
chksum 0x2b
csum 0x2b
v0005fe30
~ld
´┐¢´┐¢ÔÉâ´┐¢ÔÉø´┐¢o´┐¢{´┐¢´┐¢o|´┐¢ÔÉädÔÉä´┐¢ÔÉäd`ÔÉâÔÉ£c´┐¢ÔÉôÔÉâÔÉä´┐¢|ÔÉés´┐¢ÔÉâl´┐¢g´┐¢ÔÉä´┐¢g´┐¢ÔÉÇÔÉîl`ÔÉâ´┐¢´┐¢r´┐¢l´┐¢lÔÉô´┐¢ÔÉîÔÉîÔÉî´┐¢
RMS2 slave 20231203


Connecting to TelstraCF6EC7

local IP address: 
192.168.1.62   signal strength: -44 dBm
OTA Ready

Date:4, Time:14:23:08.14,
3121152 bytes available
262144 bytes used
Fatal exception:4 flag:1 (Hardware Watchdog) epc1:0x40000f68 epc2:0x00000000 epc3:0x00000000 excvaddr:0x00000000 depc:0x00000000
HTTP server started
diags deleted
deld 55ms 49986,23427,23438,23405,1,0,1,1,3,1,0,0,0,31914,31531,52636,
14:23:09.41,49988,23447,23447,23437,1,0,1,0,1,0,0,0,0,31914,31531,52695,
14:23:09.11,49986,23438,23448,23425,1,1,1,0,2,1,1,0,0,31914,31531,52677,
14:23:10.81,49984,23448,23450,23435,1,0,1,0,0,0,-1,0,0,31914,31627,52787,
14:23:11.51,NET 2ms mets 26ms 49982,23460,23467,23436,0,0,3,0,1,1,-1,0,0,31914,31627,52818,
14:23:12.21,49978,23459,23470,23443,1,2,1,1,0,0,-4,0,0,32010,31531,52820,
14:23:12.04,49980,23449,23471,23449,0,0,3,1,1,0,-5,0,0,32010,31531,52818,
14:23:13.86,OTA 2ms 49970,23478,23484,23450,2,4,2,0,1,0,-4,0,0,32010,31627,52952,
14:23:14.64,49972,23456,23476,23445,3,1,1,1,2,2,1,0,0,31914,31531,52733,
14:23:15.37,dir: 95ms 49974,23472,23475,23455,1,3,2,0,3,1,-5,0,0,32010,31531,52850,
14:23:16.16,49970,23478,23497,23469,3,3,1,0,1,0,-3,0,0,31914,31627,52888,
14:23:16.98,NET 2ms NET 2ms mets 18ms 49972,23474,23479,23457,2,0,1,1,0,0,-6,0,0,32010,31531,52849,
14:23:17.80,49970,23344,23487,23316,1,0,1,2,2,4,-2,0,0,32010,31435,52498,
14:23:18.56,49966,23470,23470,23364,1,1,0,0,2,3,-1,0,0,32010,31531,52745,
14:23:19.28,49972,23475,23475,23445,2,3,3,0,1,2,-3,0,0,32010,31531,52844,
14:23:19.00,49982,23461,23481,23441,2,3,2,1,2,1,-3,0,0,32010,31627,52938,
14:23:20.74,49978,23446,23474,23446,1,-1,0,1,0,1,1,0,0,31914,31627,52816,
14:23:21.44,mets 17ms 49984,23447,23455,23441,3,1,0,1,1,1,0,0,0,31914,31627,52803,
14:23:21.14,49984,23448,23461,23425,1,0,1,0,0,0,0,0,0,31914,31531,52693,
14:23:22.84,49986,23437,23449,23426,1,0,0,0,2,1,-2,0,0,31914,31531,52673,
14:23:23.58,49992,23445,23450,23438,2,2,1,2,0,0,0,0,0,31914,31531,52705,
14:23:24.32,49994,23440,23452,23440,0,1,2,1,1,1,-2,0,0,31914,31531,52703,
14:23:24.02,49996,23415,23441,23415,2,0,1,0,1,1,-2,0,0,32106,31531,52835,
14:23:25.72,50000,23444,23444,23420,4,3,2,0,0,0,-3,0,0,31914,31435,52591,
14:23:26.42,mets 16ms 49994,23443,23443,23427,2,3,0,2,2,2,0,0,0,32010,31531,52787,
14:23:27.16,49998,23457,23459,23437,2,1,3,0,2,3,-8,0,0,32106,31339,52727,
14:23:27.98,49989,23413,23450,23413,1,3,2,3,1,0,-2,0,0,32010,31435,52646,
14:23:28.78,49992,23444,23446,23421,0,2,0,0,1,1,-1,0,0,31914,31531,52679,
14:23:29.50,49994,23465,23475,23440,2,1,1,1,1,0,1,0,0,31914,31531,52754,
14:23:30.20,49986,23443,23466,23441,1,1,0,2,0,2,-1,0,0,32010,31531,52810,
14:23:30.96,49980,23440,23468,23440,1,1,1,2,0,2,-6,0,0,32010,31531,52798,
14:23:31.78,mets 15ms 49982,23450,23450,23432,1,0,1,0,2,0,2,0,0,31914,31531,52693,
14:23:32.48,49988,23448,23464,23423,2,3,1,0,0,2,1,0,0,31914,31531,52705,
14:23:33.20,49988,23446,23468,23446,0,1,1,1,3,1,-5,0,0,32010,31531,52819,
14:23:33.02,49986,23428,23457,23428,1,1,1,1,0,0,-2,0,0,31914,31627,52770,
14:23:34.72,49989,23430,23446,23430,2,2,2,0,3,0,0,0,0,31914,31531,52677,
14:23:35.42,49994,23454,23454,23429,2,0,0,3,3,1,-2,0,0,31914,31531,52711,
14:23:35.12,49994,23481,23483,23457,2,2,1,0,1,3,0,0,0,31914,31627,52893,
14:23:36.84,mets 17ms 49994,23458,23482,23458,2,1,0,1,1,2,3,0,0,32010,31627,52967,
14:23:37.54,49998,23484,23484,23454,1,1,1,1,1,0,-2,0,0,32010,31531,52892,
14:23:38.36,50002,23477,23487,23470,0,1,0,2,1,1,-1,0,0,31914,31627,52909,
14:23:38.06,50008,23479,23487,23473,0,0,1,0,1,0,-1,0,0,32010,31531,52917,
14:23:39.88,50010,23475,23486,23462,1,0,1,0,0,1,-1,0,0,31914,31723,53000,
14:23:40.58,50016,23488,23488,23457,2,0,2,1,0,0,0,0,0,31914,31627,52923,
14:23:41.28,50018,23498,23502,23471,4,1,1,0,0,2,-2,0,0,32106,31531,53060,
14:23:41.08,mets 17ms 50028,23470,23492,23470,0,2,2,1,0,2,-4,0,0,32010,31531,52932,
14:23:42.90,50032,23488,23495,23475,0,2,2,1,1,0,-6,0,0,32010,31627,53055,
14:23:43.68,50024,23478,23489,23466,0,0,1,0,2,0,0,0,0,32010,31627,53025,
14:23:44.38,50028,23439,23463,23433,1,0,1,1,1,2,-2,0,0,32010,31531,52836,
14:23:45.16,50028,23481,23487,23445,3,0,1,1,2,2,-5,0,0,32010,31531,52914,
14:23:45.96,50024,23451,23469,23451,1,0,1,1,1,1,-3,0,0,31914,31627,52866,
14:23:46.68,mets 16ms 50020,23441,23466,23433,0,0,1,0,1,1,0,0,0,31914,31627,52832,
14:23:47.38,50016,23430,23453,23417,1,1,2,1,0,2,-8,0,0,32010,31435,52688,
14:23:48.20,50014,23461,23464,23455,0,0,1,3,1,2,-4,0,0,32010,31627,52962,
14:23:48.94,50010,23460,23476,23441,3,0,1,0,3,0,0,0,0,32010,31627,52959,
14:23:49.66,50000,23428,23463,23426,0,2,1,1,1,1,-7,0,0,32010,31435,52689,
14:23:50.46,49998,23411,23430,23408,0,1,1,0,0,1,-2,0,0,31818,31531,52525,
14:23:51.16,49998,23439,23447,23420,0,0,1,1,3,2,-3,0,0,31914,31627,52777,
14:23:51.86,mets 16ms 50000,23445,23447,23421,1,2,1,1,0,1,-5,0,0,32010,31531,52783,
14:23:52.64,49994,23431,23449,23427,2,2,1,1,2,2,-4,0,0,31914,31531,52680,
14:23:53.34,49998,23441,23449,23420,3,1,1,1,1,0,0,0,0,31914,31531,52688,
14:23:53.04,50000,23458,23458,23424,0,2,2,0,0,1,-3,0,0,32010,31531,52811,
14:23:54.86,49989,23445,23455,23440,1,1,0,1,0,1,-1,0,0,31914,31531,52705,
14:23:55.58,49992,23431,23451,23431,1,1,1,1,1,2,-3,0,0,32010,31531,52778,
14:23:56.32,49998,23477,23477,23425,3,2,1,2,2,0,-1,0,0,32010,31531,52855,
14:23:56.10,mets 17ms FTP 2ms NET 2ms FTP 304ms 49998,23492,23492,23456,2,1,3,0,0,1,-1,0,0,32010,31627,53009,
14:23:58.17,NET 2ms 50008,23465,23482,23442,4,1,1,0,2,0,-3,0,0,32010,31435,52775,
14:23:58.64,50008,23475,23489,23467,1,1,1,1,1,1,-4,0,0,31914,31627,52910,
14:23:59.40,50004,23493,23493,23435,2,2,1,0,0,2,-2,0,0,32010,31627,52995,
14:23:59.10,50010,23456,23468,23451,2,1,1,0,2,1,0,0,0,31914,31627,52861,
14:24:00.80,50014,23439,23467,23424,0,4,1,3,1,3,0,0,0,31914,31531,52729,
14:24:01.54,mets 16ms 50010,23455,23470,23428,0,1,3,0,0,2,-1,0,0,31914,31627,52837,
14:24:02.24,50008,23460,23466,23434,2,1,2,1,0,1,0,0,0,31914,31627,52844,
14:24:02.94,50002,23456,23456,23436,2,1,1,1,0,1,3,0,0,31818,31531,52636,
14:24:03.66,50006,23435,23446,23417,1,0,1,1,1,2,-3,0,0,31818,31531,52584,
14:24:04.36,50004,23450,23452,23411,1,3,2,1,2,0,-3,0,0,31914,31435,52600,
14:24:05.16,50010,23440,23451,23432,3,2,1,2,0,0,-3,0,0,31914,31531,52711,
14:24:05.98,49996,23458,23464,23443,3,1,1,0,2,2,-5,0,0,32010,31531,52834,
14:24:06.72,mets 16ms 50000,23436,23458,23436,2,0,1,1,2,0,0,0,0,31914,31627,52805,
14:24:07.44,49998,23444,23449,23424,2,2,0,3,0,1,-5,0,0,31914,31531,52691,
14:24:08.18,49996,23445,23453,23444,2,1,2,1,0,1,-5,0,0,32010,31531,52809,
14:24:08.98,49994,23475,23475,23434,2,3,2,1,0,0,-1,0,0,31914,31531,52758,
14:24:09.68,49996,23469,23474,23454,1,0,1,2,1,2,-6,0,0,32010,31531,52863,
14:24:10.50,49996,23472,23490,23454,0,0,1,2,1,1,-6,0,0,32106,31435,52880,
14:24:11.32,49994,23447,23477,23442,0,1,0,1,2,0,-1,0,0,31914,31531,52736,
14:24:11.02,FTP 2ms mets 18ms 50006,23453,23460,23437,2,2,2,1,0,2,-1,0,0,31914,31531,52737,
14:24:12.76,50010,23463,23488,23444,2,0,2,2,2,1,-6,0,0,32010,31531,52877,
14:24:13.54,50014,23476,23476,23453,2,4,2,2,1,0,-3,0,0,32010,31531,52896,
14:24:14.30,50022,23447,23470,23447,3,0,3,0,0,1,1,0,0,32010,31627,52959,
14:24:14.00,50026,23454,23454,23430,2,4,2,2,2,2,0,0,0,31914,31531,52751,
14:24:15.74,50028,23459,23459,23445,1,1,0,2,1,1,-3,0,0,32010,31531,52863,
14:24:16.54,mets 16ms 50020,23451,23466,23431,3,2,3,0,0,0,-3,0,0,32106,31531,52938,
14:24:17.30,50022,23436,23451,23428,3,3,1,0,1,1,-4,0,0,32010,31435,52715,
14:24:17.10,50024,23432,23449,23412,3,1,0,2,2,1,-8,0,0,32010,31531,52787,
14:24:18.88,50020,23449,23449,23424,1,3,0,2,1,0,-7,0,0,32010,31531,52811,
14:24:19.69,50014,23428,23462,23421,1,2,1,0,1,1,-1,0,0,32010,31531,52799,
14:24:20.46,50012,23443,23443,23401,0,2,1,1,0,2,-2,0,0,31818,31627,52676,
14:24:21.16,50020,23456,23458,23436,3,2,2,2,2,1,0,0,0,32106,31627,53043,
14:24:21.85,mets 20ms NET 2ms 50022,23461,23461,23428,2,2,1,1,1,1,-3,0,0,32010,31531,52846,
14:24:22.59,50020,23445,23470,23445,1,2,2,2,1,0,-2,0,0,32010,31627,52951,
14:24:23.34,50016,23442,23464,23437,1,0,0,0,1,0,-3,0,0,31818,31627,52731,
14:24:23.04,50020,23442,23450,23428,4,1,1,0,3,0,-2,0,0,31914,31531,52720,
14:24:24.81,50022,23455,23455,23428,3,0,0,1,1,3,-4,0,0,32010,31531,52833,
14:24:25.61,50024,23457,23466,23443,2,0,0,1,2,1,-1,0,0,32010,31531,52864,
14:24:26.36,50028,23442,23491,23442,1,1,2,0,1,0,0,0,0,31914,31627,52877,
14:24:26.07,mets 18ms 50032,23477,23496,23467,1,1,1,2,1,0,-6,0,0,32106,31627,53133,
14:24:27.89,50032,23465,23476,23462,0,1,3,1,0,0,-6,0,0,32010,31531,52903,
14:24:28.71,50034,23462,23470,23427,1,2,1,0,1,0,-2,0,0,32010,31531,52865,
14:24:29.49,50036,23460,23471,23445,3,1,1,1,1,1,-5,0,0,32010,31531,52884,
14:24:30.29,50032,23441,23470,23441,0,0,1,1,2,1,-1,0,0,32106,31531,52953,
14:24:30.07,50034,23444,23467,23440,2,0,1,2,1,3,0,0,0,32010,31627,52959,
14:24:31.83,mets 17ms NET 2ms 50032,23437,23457,23437,0,1,2,1,0,1,-4,0,0,32010,31531,52833,
14:24:32.63,50036,23459,23461,23444,0,0,2,0,0,1,-1,0,0,32010,31627,52967,
14:24:33.33,50028,23437,23452,23404,1,0,1,1,0,0,-1,0,0,32010,31627,52888,
14:24:33.03,50032,23447,23447,23411,1,0,2,1,3,1,0,0,0,32106,31531,52910,
14:24:34.73,50024,23440,23455,23425,2,4,3,1,2,1,-7,0,0,32010,31531,52819,
14:24:35.55,50016,23423,23441,23423,0,3,2,1,0,1,-6,0,0,31914,31435,52581,
14:24:36.37,mets 18ms 50020,23451,23452,23420,2,2,2,3,2,2,0,0,0,31914,31627,52825,
14:24:36.07,50020,23475,23475,23441,2,1,2,1,3,3,-4,0,0,32106,31531,52984,
14:24:37.77,50012,23483,23494,23458,3,1,1,1,1,1,-1,0,0,32010,31627,53019,
14:24:38.49,50008,23473,23481,23446,1,3,3,2,2,1,-5,0,0,32010,31531,52884,
14:24:39.21,50012,23479,23485,23462,0,0,0,0,1,1,3,0,0,31914,31627,52912,
14:24:39.91,50014,23492,23493,23468,2,2,0,1,1,3,-4,0,0,32010,31627,53037,
14:24:40.63,50010,23489,23489,23473,2,2,1,0,0,0,-3,0,0,32010,31627,53028,
14:24:41.45,mets 19ms 50014,23495,23495,23467,0,1,1,2,2,1,0,0,0,32010,31627,53043,
14:24:42.25,50024,23469,23500,23450,1,0,2,1,0,2,-5,0,0,32106,31531,53009,
14:24:42.07,NET 2ms OTA updating 
Progress: 0%
Progress: 0%
Progress: 0%
--------------- CUT HERE FOR EXCEPTION DECODER ---------------

Exception (0):
epc1=0x40210728 epc2=0x00000000 epc3=0x00000000 excvaddr=0x00000000 depc=0x00000000

>>>stack>>>

ctx: cont
sp: 3ffffc00 end: 3fffffd0 offset: 0150
3ffffd50:  400043da 00000030 00000016 ffffffff  
3ffffd60:  400044ab 3fffc718 3ffffe50 08000000  
3ffffd70:  60000200 08000000 00000003 00000000  
3ffffd80:  0000ffff 00042035 00002035 000a0000  
3ffffd90:  00000001 00000068 3fffff00 00000030  
3ffffda0:  3ffe9fa0 60000200 00020000 0000407c  
3ffffdb0:  0000ffff 00042035 00002035 000000a0  
3ffffdc0:  00000001 00000068 3fffff00 00000030  
3ffffdd0:  00000218 3fff6158 00000002 3fff3938  
3ffffde0:  00000430 00000068 3fffff00 00000030  
3ffffdf0:  00000010 3fff6044 3fff5e94 4022a0aa  
3ffffe00:  3fff3da4 00000008 3fff3780 00000000  
3ffffe10:  3fff5e94 00000000 3fff5e94 40229f29  
3ffffe20:  40105e01 01e0dff4 3ffe8664 00000000  
3ffffe30:  00000000 4000444e 01e0dff4 00000000  
3ffffe40:  00000002 401067cf 00000001 60000200  
3ffffe50:  00000002 4000410f 00001001 00000205  
3ffffe60:  3fffc718 40004a3c 000000a0 00000001  
3ffffe70:  3fffc718 40106a60 000000a0 00000001  
3ffffe80:  40210fe2 3fff3938 4021426a 3fffff00  
3ffffe90:  00000068 00000001 3fff3938 40212958  
3ffffea0:  3fff764c 3fff3a54 00000001 3fffff00  
3ffffeb0:  00000430 00018a12 00000001 3fffff00  
3ffffec0:  00000068 00000430 3fff3938 4020e098  
3ffffed0:  00000000 000003e8 4021426a 000003e6  
3ffffee0:  00000b68 00018a10 00000001 000003e6  
3ffffef0:  00000b68 3fff3938 3fff3780 4020e58b  
3fffff00:  4021cbec 00000000 00001388 01c7144f  
3fffff10:  00000000 3fff230c 3fff5f54 00000000  
3fffff20:  3fff3750 3fff2348 4021cf98 6401a8c0  
3fffff30:  4021cf98 6401a8c0 08f5c28f 01c7157a  
3fffff40:  3fff3804 000005b4 3fff50e0 00018996  
3fffff50:  00018995 3ffe8885 3ffef7d0 00007530  
3fffff60:  06016e39 00000005 3fff3780 4020e670  
3fffff70:  06016e39 00000005 3ffef7d4 40207ac1  
3fffff80:  3ffe862d 3fff3854 3ffef8d8 40208176  
3fffff90:  3fffdad0 00000000 3fff3a50 3fff3a7c  
3fffffa0:  3fffdad0 00000000 3fff3a50 402090e9  
3fffffb0:  00000000 00000000 00000001 402143e8  
3fffffc0:  feefeffe feefeffe 3fffdab0 401011c5  
<<<stack<<<

--------------- CUT HERE FOR EXCEPTION DECODER ---------------

 ets Jan  8 2013,rst cause:4, boot mode:(3,6)

wdt reset
load 0x4010f000, len 3424, room 16 
tail 0
chksum 0x2e
load 0x3fff20b8, len 40, room 8 
tail 0
chksum 0x2b
csum 0x2b
v0005fe30
~ld
´┐¢´┐¢ÔÉâ´┐¢ÔÉô´┐¢n´┐¢s´┐¢´┐¢g|´┐¢ÔÉîlÔÉî´┐¢ÔÉîl`ÔÉâÔÉ£b´┐¢ÔÉÆÔÉéÔÉî´┐¢|ÔÉâr´┐¢ÔÉél´┐¢g´┐¢ÔÉî´┐¢o´┐¢ÔÉÇÔÉîl`ÔÉâ´┐¢´┐¢{´┐¢l´┐¢lÔÉô´┐¢ÔÉäÔÉäÔÉä´┐¢
RMS2 slave 20231203


Connecting to TelstraCF6EC7

local IP address: 
192.168.1.62   signal strength: -45 dBm
OTA Ready

Date:6, Time:14:24:49.16,
3121152 bytes available
237568 bytes used
Fatal exception:0 flag:2 (Exception) epc1:0x40210728 epc2:0x00000000 epc3:0x00000000 excvaddr:0x00000000 depc:0x00000000
HTTP server started
50028,23470,23509,23470,1,3,2,1,0,1,-3,0,0,32010,31627,53047,
14:24:49.57,50010,23480,23498,23476,1,3,2,1,1,0,-3,0,0,32010,31531,52938,
14:24:50.36,50012,23487,23490,23459,0,1,0,0,0,0,-3,0,0,32010,31531,52915,
14:24:51.17,mets 17ms 50008,23496,23496,23468,0,0,0,3,2,1,0,0,0,32010,31627,53039,
14:24:51.93,50010,23490,23508,23490,3,1,1,0,0,2,8,0,0,32010,31627,53078,
14:24:52.68,50014,23511,23511,23495,1,3,2,1,2,2,-6,0,0,32106,31531,53101,
14:24:53.47,OTA updating 
Progress: 0%
Progress: 0%
Progress: 0%
Progress: 1%
Progress: 1%
Progress: 1%
Progress: 2%
Progress: 2%
Progress: 2%
Progress: 2%
Progress: 2%
Progress: 3%
Progress: 3%
Progress: 4%
Progress: 5%
Progress: 5%
Progress: 5%
Progress: 6%
Progress: 6%
Progress: 7%
Progress: 7%
Progress: 7%
Progress: 8%
Progress: 8%
Progress: 8%
Progress: 9%
Progress: 9%
Progress: 10%
Progress: 10%
Progress: 10%
Progress: 11%
Progress: 11%
Progress: 11%
Progress: 12%
Progress: 12%
Progress: 13%
Progress: 13%
Progress: 13%
Progress: 14%
Progress: 14%
Progress: 14%
Progress: 15%
Progress: 15%
Progress: 15%
Progress: 16%
Progress: 16%
Progress: 17%
Progress: 17%
Progress: 17%
Progress: 18%
Progress: 18%
Progress: 18%
Progress: 19%
Progress: 19%
Progress: 20%
Progress: 20%
Progress: 20%
Progress: 20%
Progress: 21%
Progress: 21%
Progress: 22%
Progress: 22%
Progress: 23%
Progress: 23%
Progress: 23%
Progress: 24%
Progress: 24%
Progress: 24%
Progress: 25%
Progress: 25%
Progress: 25%
Progress: 26%
Progress: 26%
Progress: 26%
Progress: 27%
Progress: 27%
Progress: 28%
Progress: 28%
Progress: 28%
Progress: 28%
Progress: 29%
Progress: 30%
Progress: 30%
Progress: 30%
Progress: 31%
Progress: 31%
Progress: 31%
Progress: 32%
Progress: 32%
Progress: 33%
Progress: 33%
Progress: 33%
Progress: 34%
Progress: 34%
Progress: 34%
Progress: 35%
Progress: 35%
Progress: 35%
Progress: 36%
Progress: 36%
Progress: 36%
Progress: 37%
Progress: 37%
Progress: 37%
Progress: 37%
Progress: 38%
Progress: 39%
Progress: 39%
Progress: 39%
Progress: 40%
Progress: 40%
Progress: 41%
Progress: 41%
Progress: 42%
Progress: 42%
Progress: 42%
Progress: 43%
Progress: 43%
Progress: 43%
Progress: 44%
Progress: 44%
Progress: 44%
Progress: 45%
Progress: 45%
Progress: 46%
Progress: 46%
Progress: 46%
Progress: 47%
Progress: 47%
Progress: 47%
Progress: 47%
Progress: 48%
Progress: 48%
Progress: 49%
Progress: 49%
Progress: 49%
Progress: 50%
Progress: 50%
Progress: 50%
Progress: 51%
Progress: 51%
Progress: 52%
Progress: 52%
Progress: 52%
Progress: 53%
Progress: 53%
Progress: 53%
Progress: 54%
Progress: 54%
Progress: 54%
Progress: 54%
Progress: 54%
Progress: 55%
Progress: 56%
Progress: 56%
Progress: 57%
Progress: 57%
Progress: 57%
Progress: 58%
Progress: 58%
Progress: 59%
Progress: 59%
Progress: 59%
Progress: 60%
Progress: 60%
Progress: 60%
Progress: 61%
Progress: 61%
Progress: 62%
Progress: 62%
Progress: 62%
Progress: 63%
Progress: 63%
Progress: 63%
Progress: 63%
Progress: 64%
Progress: 64%
Progress: 65%
Progress: 65%
Progress: 65%
Progress: 66%
Progress: 66%
Progress: 66%
Progress: 67%
Progress: 67%
Progress: 68%
Progress: 68%
Progress: 68%
Progress: 69%
Progress: 69%
Progress: 69%
Progress: 70%
Progress: 70%
Progress: 71%
Progress: 71%
Progress: 71%
Progress: 72%
Progress: 72%
Progress: 72%
Progress: 73%
Progress: 73%
Progress: 73%
Progress: 74%
Progress: 74%
Progress: 75%
Progress: 75%
Progress: 75%
Progress: 75%
Progress: 75%
Progress: 76%
Progress: 77%
Progress: 77%
Progress: 78%
Progress: 78%
Progress: 78%
Progress: 79%
Progress: 79%
Progress: 79%
Progress: 80%
Progress: 80%
Progress: 81%
Progress: 81%
Progress: 81%
Progress: 81%
Progress: 82%
Progress: 82%
Progress: 83%
Progress: 83%
Progress: 83%
Progress: 84%
Progress: 84%
Progress: 84%
Progress: 85%
Progress: 85%
Progress: 86%
Progress: 86%
Progress: 86%
Progress: 87%
Progress: 87%
Progress: 88%
Progress: 88%
Progress: 88%
Progress: 89%
Progress: 89%
Progress: 89%
Progress: 90%
Progress: 90%
Progress: 91%
Progress: 91%
Progress: 91%
Progress: 92%
Progress: 92%
Progress: 92%
Progress: 93%
Progress: 93%
Progress: 94%
Progress: 94%
Progress: 94%
Progress: 95%
Progress: 95%
Progress: 95%
Progress: 96%
Progress: 96%
Progress: 97%
Progress: 97%
Progress: 97%
Progress: 98%
Progress: 98%
Progress: 98%
Progress: 99%
Progress: 99%
Progress: 99%
Progress: 100%
Progress: 100%
End

 ets Jan  8 2013,rst cause:4, boot mode:(3,6)

wdt reset
load 0x4010f000, len 3424, room 16 
tail 0
chksum 0x2e
load 0x3fff20b8, len 40, room 8 
tail 0
chksum 0x2b
csum 0x2b
v0005fe30
@cp:B0
ld
´┐¢´┐¢ÔÉâ´┐¢ÔÉø´┐¢o´┐¢{´┐¢´┐¢o|´┐¢ÔÉädÔÉä´┐¢ÔÉäd`ÔÉâÔÉ£c´┐¢ÔÉøÔÉâÔÉä´┐¢|ÔÉés´┐¢ÔÉâd´┐¢n´┐¢ÔÉî´┐¢n´┐¢ÔÉÇÔÉäd`ÔÉâ´┐¢´┐¢s´┐¢l´┐¢lÔÉø´┐¢ÔÉîÔÉîÔÉî´┐¢
RMS2 slave 20231203


Connecting to TelstraCF6EC7

local IP address: 
192.168.1.62   signal strength: -45 dBm
OTA Ready

Date:4, Time:14:25:18.44,
3121152 bytes available
245760 bytes used
Software/System restart
HTTP server started
50016,23525,23525,23489,3,1,2,2,2,1,-14,0,0,32298,31339,53117,
14:25:18.84,50016,23513,23525,23513,2,0,2,0,0,0,0,0,0,32010,31627,53136,
14:25:19.54,50016,23515,23515,23482,0,0,0,1,0,1,-1,0,0,31914,31627,52998,
14:25:19.24,50022,23479,23493,23464,1,1,2,1,0,0,-1,0,0,31914,31627,52931,
14:25:20.94,50024,23478,23478,23454,1,1,1,1,0,1,0,0,0,32010,31627,53004,
14:25:21.64,50030,23465,23489,23465,0,0,0,2,1,1,-5,0,0,32010,31435,52821,
14:25:22.46,OTA 2ms mets 19ms 50032,23480,23487,23449,0,2,2,1,1,1,-1,0,0,32010,31627,53019,
14:25:22.18,50032,23456,23480,23447,0,0,2,0,0,0,0,0,0,32010,31531,52886,
14:25:23.88,NET 2ms 50026,23463,23490,23462,0,0,1,1,1,1,-3,0,0,31914,31627,52911,
14:25:24.58,OTA 2ms 50026,23494,23494,23462,1,1,1,0,2,2,-5,0,0,32106,31531,53043,
14:25:24.37,50028,23537,23537,23501,1,0,2,0,2,2,2,0,0,32010,31627,53177,
14:25:25.10,50026,23530,23538,23518,2,0,3,2,1,1,-1,0,0,32010,31627,53185,
14:25:26.79,50022,23509,23540,23509,0,3,0,2,0,0,-1,0,0,32106,31723,53341,
14:25:27.49,mets 17ms 50018,23545,23559,23506,0,1,1,1,0,0,-2,0,0,32010,31627,53194,
14:25:27.19,NET 2ms 50022,23533,23544,23531,1,2,2,1,2,1,-1,0,0,32106,31627,53299,
14:25:28.91,50016,23516,23558,23516,2,2,3,1,2,0,4,0,0,32202,31627,53377,
14:25:29.72,50026,23577,23577,23546,3,1,1,2,0,1,-11,0,0,32298,31531,53480,
14:25:30.49,50018,23517,23569,23517,1,3,2,0,2,2,0,0,0,32106,31723,53388,
14:25:30.27,50022,23485,23530,23485,0,2,1,2,1,3,0,0,0,32106,31627,53192,
14:25:31.99,50024,23521,23524,23500,1,1,2,2,1,1,-3,0,0,32010,31627,53139,
14:25:32.71,mets 17ms 50022,23514,23521,23482,3,2,2,2,1,2,-2,0,0,32010,31627,53114,
14:25:32.43,50026,23538,23538,23513,2,1,1,2,1,2,-2,0,0,32106,31723,53379,
14:25:33.13,50036,23468,23536,23467,1,0,1,0,2,2,-2,0,0,32010,31627,53076,
14:25:34.85,50036,23478,23491,23474,1,1,0,0,1,0,-2,0,0,32010,31627,53045,
14:25:35.55,50028,23465,23493,23443,0,0,3,0,1,1,0,0,0,32106,31531,52999,
14:25:35.35,50032,23467,23468,23459,1,1,2,2,2,1,-1,0,0,31914,31627,52903,
14:25:36.15,mets 18ms 50026,23516,23531,23482,0,3,0,1,3,0,-10,0,0,32106,31531,53117,
14:25:37.93,50026,23520,23539,23505,3,1,3,1,1,2,-3,0,0,32106,31627,53259,
14:25:38.69,50016,23499,23520,23499,1,3,2,0,2,2,-2,0,0,32106,31531,53107,
14:25:39.49,50022,23511,23511,23464,3,3,2,4,2,2,-9,0,0,32106,31531,53080,
14:25:39.27,50022,23514,23524,23503,2,4,1,0,2,2,-3,0,0,32202,31435,53136,
14:25:40.07,50018,23518,23530,23511,1,0,2,0,1,0,-1,0,0,32106,31531,53145,
14:25:41.79,50018,23517,23522,23512,4,1,1,0,2,0,-1,0,0,32106,31531,53141,
14:25:42.57,mets 17ms 50022,23517,23526,23491,3,1,1,2,3,1,-10,0,0,32393,31339,53217,
14:25:42.35,50024,23514,23537,23504,1,1,2,2,2,1,-4,0,0,31914,31627,53053,
14:25:43.13,50030,23511,23530,23507,1,1,1,1,1,0,-3,0,0,32010,31723,53241,
14:25:44.84,50034,23518,23526,23480,0,2,1,2,2,1,-3,0,0,32106,31627,53224,
14:25:45.61,50036,23486,23508,23475,2,2,1,1,1,1,-2,0,0,32010,31627,53076,
14:25:45.35,50040,23494,23497,23469,1,2,0,1,0,1,-4,0,0,32106,31627,53162,
14:25:46.10,mets 15ms 50030,23496,23496,23445,1,2,1,2,2,1,-5,0,0,32010,31627,53036,
14:25:47.84,50036,23477,23478,23461,0,0,1,1,2,1,-5,0,0,32010,31531,52921,
14:25:48.66,50032,23476,23482,23458,2,1,0,2,2,2,-2,0,0,31914,31531,52828,
14:25:49.45,50030,23481,23484,23456,0,2,1,0,0,1,0,0,0,31914,31531,52828,
14:25:49.14,50026,23470,23483,23452,2,2,2,2,2,0,-10,0,0,32106,31435,52900,
14:25:50.92,50030,23462,23474,23450,1,3,1,0,0,0,6,0,0,31914,31627,52896,
14:25:51.64,50032,23467,23487,23467,4,0,1,1,2,3,-8,0,0,32010,31435,52829,
14:25:51.40,mets 16ms 50022,23503,23503,23482,3,1,1,1,1,1,-2,0,0,32010,31627,53081,
14:25:52.16,50018,23494,23500,23468,3,2,0,2,0,1,-1,0,0,31914,31627,52956,
14:25:53.90,50022,23503,23503,23465,1,0,1,2,1,1,-3,0,0,32010,31531,52965,
14:25:54.64,50026,23493,23510,23481,1,1,1,2,1,1,-13,0,0,32202,31435,53069,
14:25:55.46,50020,23495,23496,23475,1,2,0,1,1,1,3,0,0,31914,31627,52964,
14:25:55.18,50020,23473,23489,23473,0,0,0,1,2,3,-1,0,0,32010,31627,53025,
14:25:56.96,50022,23509,23509,23473,1,1,1,1,2,0,0,0,0,31914,31627,52988,
14:25:57.70,mets 16ms 50020,23504,23516,23498,2,2,0,1,0,2,-3,0,0,32010,31627,53107,
14:25:58.48,50020,23480,23505,23461,1,4,0,0,3,1,2,0,0,32010,31531,52946,
14:25:58.22,50020,23489,23493,23474,2,2,3,0,2,0,-10,0,0,32106,31531,53040,
14:25:59.04,50020,23456,23480,23453,2,1,1,0,0,0,0,0,0,31914,31627,52882,
14:26:00.74,50016,23466,23489,23458,1,2,1,0,0,3,0,0,0,31914,31627,52905,
14:26:01.46,50016,23439,23469,23439,2,0,1,0,1,1,-5,0,0,32010,31435,52736,
14:26:01.28,mets 16ms 50012,23456,23456,23411,2,2,0,2,2,1,-5,0,0,31914,31531,52712,
14:26:02.02,50004,23447,23470,23447,3,1,1,2,1,1,-5,0,0,31914,31531,52745,
14:26:03.80,50002,23444,23451,23421,2,2,0,2,2,3,0,0,0,31914,31531,52702,
14:26:04.52,50000,23476,23476,23449,0,2,3,0,2,0,1,0,0,31914,31627,52878,
14:26:04.24,50002,23479,23479,23432,3,3,1,1,0,1,0,0,0,31914,31531,52774,
14:26:05.94,50000,23505,23505,23471,0,2,2,0,1,1,-4,0,0,32106,31531,53048,
14:26:06.74,50004,23481,23508,23472,0,2,2,1,1,1,-4,0,0,32106,31627,53129,
14:26:07.52,mets 15ms NET 2ms 49994,23498,23511,23482,0,1,1,2,2,0,-5,0,0,32010,31627,53051,
14:26:07.32,OTA updating 
Progress: 0%
Progress: 0%
Progress: 0%
Progress: 1%
Progress: 1%
Progress: 1%
Progress: 2%
Progress: 2%
Progress: 2%
Progress: 2%
--------------- CUT HERE FOR EXCEPTION DECODER ---------------

Exception (0):
epc1=0x40210728 epc2=0x00000000 epc3=0x00000000 excvaddr=0x00000000 depc=0x00000000

>>>stack>>>

ctx: cont
sp: 3ffffbb0 end: 3fffffd0 offset: 0150
3ffffd00:  400043d5 00000030 00000015 ffffffff  
3ffffd10:  400044ab 3fffc718 3ffffe00 08000000  
3ffffd20:  60000200 08000000 00000003 00000000  
3ffffd30:  0000ffff 00042035 00002035 60000200  
3ffffd40:  3fff6644 00000080 000a2780 00000030  
3ffffd50:  3fff6584 00000040 000a26c0 00000030  
3ffffd60:  400044ab 3fffc718 3ffffe50 08000000  
3ffffd70:  60000200 08000000 00000003 00000000  
3ffffd80:  0000ffff 00042035 00002035 000a2000  
3ffffd90:  00000001 00000048 3fffff00 00000030  
3ffffda0:  4021294a 00000030 00000010 ffffffff  
3ffffdb0:  4020e098 00000000 00000217 fffffe30  
3ffffdc0:  3fff6ec4 203ca654 0000050c 00000430  
3ffffdd0:  00000218 3fff7010 00000002 3fff3938  
3ffffde0:  00000001 00000048 3fffff00 00000030  
3ffffdf0:  00000000 4000444e 3fff6ecc 4022a0aa  
3ffffe00:  00000002 4000422e 60000200 3fff6644  
3ffffe10:  00000100 40004ac0 00000100 000a2700  
3ffffe20:  00000100 3fff65c4 3fffc718 000a2700  
3ffffe30:  00000100 00e8a101 40106ab4 00000100  
3ffffe40:  3fff65c4 00000700 00001000 00000700  
3ffffe50:  3fffc718 3fff65c4 00001001 00000205  
3ffffe60:  000a2700 402110f9 3fff5ec4 00001000  
3ffffe70:  000a2000 00000000 00000000 00000001  
3ffffe80:  00000000 00000000 4021426a 00000000  
3ffffe90:  00000000 00000001 3fff3938 402129a9  
3ffffea0:  3fff6ec4 3fff3a54 00000001 3fffff00  
3ffffeb0:  00000218 0000f605 00000001 3fffff00  
3ffffec0:  00000048 00000218 3fff3938 4020e098  
3ffffed0:  00000000 000003e8 4021426a 000003e5  
3ffffee0:  00002da0 0000f603 00000001 000003e5  
3ffffef0:  00002da0 3fff3938 3fff3780 4020e58b  
3fffff00:  4021cbec 00000000 00001388 011b25ae  
3fffff10:  00000000 3fff230c 3fff55f4 00000000  
3fffff20:  3fff3750 3fff2348 4021cf98 6401a8c0  
3fffff30:  4021cf98 6401a8c0 88f5c28f 011b2716  
3fffff40:  3fff3804 00000184 3fff5070 0000f4e3  
3fffff50:  0000f4e2 3ffe8885 3ffef7d0 00007530  
3fffff60:  03bc9420 00000005 3fff3780 4020e670  
3fffff70:  03bc9420 00000005 3ffef7d4 40207ac1  
3fffff80:  3ffe862d 3fff3854 3ffef8d8 40208176  
3fffff90:  3fffdad0 00000000 3fff3a50 3fff3a7c  
3fffffa0:  3fffdad0 00000000 3fff3a50 402090e9  
3fffffb0:  00000000 00000000 00000001 402143e8  
3fffffc0:  feefeffe feefeffe 3fffdab0 401011c5  
<<<stack<<<

--------------- CUT HERE FOR EXCEPTION DECODER ---------------

 ets Jan  8 2013,rst cause:4, boot mode:(3,6)

wdt reset
load 0x4010f000, len 3424, room 16 
tail 0
chksum 0x2e
load 0x3fff20b8, len 40, room 8 
tail 0
chksum 0x2b
csum 0x2b
v0005fe30
~ld
´┐¢´┐¢ÔÉâ´┐¢ÔÉô´┐¢n´┐¢s´┐¢´┐¢n|´┐¢ÔÉîlÔÉî´┐¢ÔÉîl`ÔÉâÔÉ£c´┐¢ÔÉôÔÉâÔÉî´┐¢|ÔÉâr´┐¢ÔÉél´┐¢g´┐¢ÔÉä´┐¢g´┐¢ÔÉÇÔÉîl`ÔÉâ´┐¢´┐¢{´┐¢l´┐¢lÔÉô´┐¢ÔÉîÔÉîÔÉî´┐¢
RMS2 slave 20231203


Connecting to TelstraCF6EC7

local IP address: 
192.168.1.62   signal strength: -44 dBm
OTA Ready

Date:6, Time:14:26:14.16,
3121152 bytes available
245760 bytes used
Fatal exception:0 flag:2 (Exception) epc1:0x40210728 epc2:0x00000000 epc3:0x00000000 excvaddr:0x00000000 depc:0x00000000
HTTP server started
49992,23492,23500,23469,0,4,2,1,1,2,-10,0,0,32010,31531,52922,
14:26:14.57,50030,23468,23490,23454,2,0,2,2,0,1,-1,0,0,31914,31627,52917,
14:26:15.27,50030,23438,23463,23438,2,3,0,3,2,3,-2,0,0,31914,31531,52753,
14:26:15.03,50032,23422,23450,23422,4,3,2,2,1,1,-6,0,0,31914,31531,52706,
14:26:16.83,mets 17ms 50036,23443,23456,23438,1,2,1,2,1,1,-6,0,0,32010,31531,52844,
14:26:17.65,OTA 2ms 50028,23457,23463,23452,2,2,0,0,1,2,-1,0,0,31914,31531,52779,
14:26:18.43,NET 2ms 50026,23446,23460,23435,3,4,3,0,1,1,-3,0,0,31914,31627,52845,
14:26:18.15,OTA 2ms 50022,23460,23467,23434,0,2,3,1,3,3,-9,0,0,32010,31531,52855,
14:26:19.95,50024,23463,23476,23445,2,4,1,0,0,1,0,0,0,31914,31627,52885,
14:26:20.66,50016,23445,23454,23445,3,1,0,1,3,2,-1,0,0,32010,31435,52742,
14:26:21.49,50012,23489,23489,23451,0,2,0,1,1,0,-3,0,0,32010,31435,52815,
14:26:22.30,OTA updating 
Progress: 0%
Progress: 0%
Progress: 0%
Progress: 1%
Progress: 1%
Progress: 1%
Progress: 2%
Progress: 2%
Progress: 2%
Progress: 3%
Progress: 3%
Progress: 4%
Progress: 4%
Progress: 4%
Progress: 5%
Progress: 5%
Progress: 5%
Progress: 6%
Progress: 6%
Progress: 7%
Progress: 7%
Progress: 7%
Progress: 8%
Progress: 8%
Progress: 8%
Progress: 9%
Progress: 9%
Progress: 9%
Progress: 10%
Progress: 10%
Progress: 11%
Progress: 11%
Progress: 11%
Progress: 12%
Progress: 12%
Progress: 12%
Progress: 13%
Progress: 13%
Progress: 14%
Progress: 14%
Progress: 14%
Progress: 15%
Progress: 15%
Progress: 15%
Progress: 16%
Progress: 16%
Progress: 17%
Progress: 17%
Progress: 17%
Progress: 18%
Progress: 18%
Progress: 18%
Progress: 19%
Progress: 19%
Progress: 20%
Progress: 20%
Progress: 20%
Progress: 21%
Progress: 21%
Progress: 21%
Progress: 21%
Progress: 22%
Progress: 22%
Progress: 23%
Progress: 23%
Progress: 24%
Progress: 24%
Progress: 24%
Progress: 25%
Progress: 25%
Progress: 26%
Progress: 26%
Progress: 26%
Progress: 27%
Progress: 27%
Progress: 27%
Progress: 28%
Progress: 28%
Progress: 28%
Progress: 29%
Progress: 29%
Progress: 30%
Progress: 30%
Progress: 30%
Progress: 31%
Progress: 31%
Progress: 31%
Progress: 32%
Progress: 32%
Progress: 33%
Progress: 33%
Progress: 33%
Progress: 33%
Progress: 34%
Progress: 34%
Progress: 35%
Progress: 35%
Progress: 36%
Progress: 36%
Progress: 36%
Progress: 37%
Progress: 37%
Progress: 37%
Progress: 38%
Progress: 38%
Progress: 39%
Progress: 39%
Progress: 39%
Progress: 39%
Progress: 40%
Progress: 40%
Progress: 41%
Progress: 41%
Progress: 42%
Progress: 42%
Progress: 42%
Progress: 43%
Progress: 43%
Progress: 43%
Progress: 44%
Progress: 44%
Progress: 44%
Progress: 45%
Progress: 45%
Progress: 45%
Progress: 46%
Progress: 46%
Progress: 46%
Progress: 47%
Progress: 47%
Progress: 47%
Progress: 48%
Progress: 48%
Progress: 49%
Progress: 49%
Progress: 50%
Progress: 50%
Progress: 50%
Progress: 50%
Progress: 51%
Progress: 51%
Progress: 52%
Progress: 52%
Progress: 53%
Progress: 53%
Progress: 53%
Progress: 54%
Progress: 54%
Progress: 55%
Progress: 55%
Progress: 55%
Progress: 56%
Progress: 56%
Progress: 56%
Progress: 57%
Progress: 57%
Progress: 57%
Progress: 58%
Progress: 58%
Progress: 59%
Progress: 59%
Progress: 59%
Progress: 60%
Progress: 60%
Progress: 60%
Progress: 61%
Progress: 61%
Progress: 62%
Progress: 62%
Progress: 62%
Progress: 63%
Progress: 63%
Progress: 63%
Progress: 64%
Progress: 64%
Progress: 65%
Progress: 65%
Progress: 65%
Progress: 65%
Progress: 66%
Progress: 66%
Progress: 66%
Progress: 67%
Progress: 67%
Progress: 68%
Progress: 68%
Progress: 69%
Progress: 69%
Progress: 69%
Progress: 70%
Progress: 70%
Progress: 70%
Progress: 71%
Progress: 71%
Progress: 72%
Progress: 72%
Progress: 72%
Progress: 73%
Progress: 73%
Progress: 73%
Progress: 74%
Progress: 74%
Progress: 75%
Progress: 75%
Progress: 75%
Progress: 76%
Progress: 76%
Progress: 76%
Progress: 77%
Progress: 77%
Progress: 78%
Progress: 78%
Progress: 78%
Progress: 78%
Progress: 79%
Progress: 79%
Progress: 80%
Progress: 80%
Progress: 81%
Progress: 81%
Progress: 81%
Progress: 82%
Progress: 82%
Progress: 82%
Progress: 83%
Progress: 83%
Progress: 84%
Progress: 84%
Progress: 84%
Progress: 85%
Progress: 85%
Progress: 85%
Progress: 86%
Progress: 86%
Progress: 86%
Progress: 87%
Progress: 87%
Progress: 88%
Progress: 88%
Progress: 88%
Progress: 89%
Progress: 89%
Progress: 89%
Progress: 90%
Progress: 90%
Progress: 91%
Progress: 91%
Progress: 91%
Progress: 92%
Progress: 92%
Progress: 92%
Progress: 93%
Progress: 93%
Progress: 93%
Progress: 94%
Progress: 94%
Progress: 94%
Progress: 95%
Progress: 95%
Progress: 95%
Progress: 96%
Progress: 96%
Progress: 97%
Progress: 97%
Progress: 98%
Progress: 98%
Progress: 98%
Progress: 99%
Progress: 99%
Progress: 99%
Progress: 100%
End

 ets Jan  8 2013,rst cause:4, boot mode:(3,6)

wdt reset
load 0x4010f000, len 3424, room 16 
tail 0
chksum 0x2e
load 0x3fff20b8, len 40, room 8 
tail 0
chksum 0x2b
csum 0x2b
v0005fe30
@cp:B0
ld
´┐¢´┐¢ÔÉâ´┐¢ÔÉø´┐¢o´┐¢{´┐¢´┐¢o|´┐¢ÔÉädÔÉä´┐¢ÔÉäd`ÔÉâÔÉ£c´┐¢ÔÉôÔÉâÔÉî´┐¢|ÔÉâs´┐¢ÔÉâl´┐¢g´┐¢ÔÉä´┐¢g´┐¢ÔÉÇÔÉîl`ÔÉé´┐¢´┐¢r´┐¢l´┐¢lÔÉô´┐¢ÔÉîÔÉîÔÉî´┐¢
RMS2 slave 20231203


Connecting to TelstraCF6EC7

local IP address: 
192.168.1.62   signal strength: -48 dBm
OTA Ready

Date:5, Time:14:26:46.35,
3121152 bytes available
245760 bytes used
Software/System restart
HTTP server started
50016,23497,23503,23469,0,1,1,2,1,1,-8,0,0,32202,31531,53144,
14:26:46.07,mets 17ms 50028,23560,23562,23543,0,2,0,2,0,2,-8,0,0,32202,31627,53448,
14:26:47.90,50022,23540,23552,23539,1,1,1,0,1,1,1,0,0,32010,31723,53320,
14:26:48.60,50026,23498,23534,23498,3,2,1,1,1,1,2,0,0,32010,31627,53132,
14:26:48.32,50026,23533,23533,23516,2,3,2,1,2,2,-2,0,0,32106,31627,53279,
14:26:49.06,50022,23544,23546,23527,0,3,4,1,2,1,-3,0,0,32106,31723,53404,
14:26:50.80,OTA updating 
Progress: 0%
Progress: 0%
Progress: 0%
Progress: 1%
Progress: 1%
Progress: 1%
Progress: 2%
Progress: 2%
Progress: 2%
Progress: 3%
Progress: 3%
Progress: 4%
Progress: 4%
Progress: 4%
Progress: 5%
Progress: 5%
Progress: 5%
Progress: 6%
Progress: 6%
Progress: 7%
Progress: 7%
Progress: 7%
Progress: 8%
Progress: 8%
Progress: 8%
Progress: 9%
Progress: 9%
Progress: 10%
Progress: 10%
Progress: 10%
Progress: 11%
Progress: 11%
Progress: 11%
Progress: 12%
Progress: 12%
Progress: 13%
Progress: 13%
Progress: 13%
Progress: 13%
Progress: 14%
Progress: 14%
Progress: 15%
Progress: 15%
Progress: 15%
Progress: 16%
Progress: 16%
Progress: 17%
Progress: 17%
Progress: 17%
Progress: 18%
Progress: 18%
Progress: 18%
Progress: 19%
Progress: 19%
Progress: 20%
Progress: 20%
Progress: 20%
Progress: 21%
Progress: 21%
Progress: 21%
Progress: 22%
Progress: 22%
Progress: 23%
Progress: 23%
Progress: 23%
Progress: 24%
Progress: 24%
Progress: 24%
Progress: 25%
Progress: 25%
Progress: 26%
Progress: 26%
Progress: 26%
Progress: 27%
Progress: 27%
Progress: 27%
Progress: 28%
Progress: 28%
Progress: 28%
Progress: 29%
Progress: 29%
Progress: 30%
Progress: 30%
Progress: 30%
Progress: 31%
Progress: 31%
Progress: 31%
Progress: 32%
Progress: 32%
Progress: 33%
Progress: 33%
Progress: 33%
Progress: 33%
Progress: 34%
Progress: 34%
Progress: 35%
Progress: 35%
Progress: 36%
Progress: 36%
Progress: 36%
Progress: 36%
Progress: 37%
Progress: 37%
Progress: 37%
Progress: 38%
Progress: 38%
Progress: 39%
Progress: 39%
Progress: 40%
Progress: 40%
Progress: 40%
Progress: 41%
Progress: 41%
Progress: 42%
Progress: 42%
Progress: 42%
Progress: 43%
Progress: 43%
Progress: 43%
Progress: 44%
Progress: 44%
Progress: 44%
Progress: 45%
Progress: 45%
Progress: 46%
Progress: 46%
Progress: 46%
Progress: 47%
Progress: 47%
Progress: 47%
Progress: 48%
Progress: 48%
Progress: 48%
Progress: 49%
Progress: 49%
Progress: 50%
Progress: 50%
Progress: 50%
Progress: 51%
Progress: 51%
Progress: 51%
Progress: 52%
Progress: 52%
Progress: 53%
Progress: 53%
Progress: 53%
Progress: 54%
Progress: 54%
Progress: 55%
Progress: 55%
Progress: 55%
Progress: 56%
Progress: 56%
Progress: 56%
Progress: 57%
Progress: 57%
Progress: 57%
Progress: 58%
Progress: 58%
Progress: 59%
Progress: 59%
Progress: 59%
Progress: 59%
Progress: 60%
Progress: 60%
Progress: 60%
Progress: 61%
Progress: 61%
Progress: 62%
Progress: 62%
Progress: 63%
Progress: 63%
Progress: 63%
Progress: 64%
Progress: 64%
Progress: 65%
Progress: 65%
Progress: 65%
Progress: 66%
Progress: 66%
Progress: 66%
Progress: 67%
Progress: 67%
Progress: 68%
Progress: 68%
Progress: 68%
Progress: 69%
Progress: 69%
Progress: 69%
Progress: 70%
Progress: 70%
Progress: 71%
Progress: 71%
Progress: 71%
Progress: 72%
Progress: 72%
Progress: 72%
Progress: 73%
Progress: 73%
Progress: 73%
Progress: 74%
Progress: 74%
Progress: 75%
Progress: 75%
Progress: 75%
Progress: 76%
Progress: 76%
Progress: 76%
Progress: 77%
Progress: 77%
Progress: 78%
Progress: 78%
Progress: 78%
Progress: 78%
Progress: 79%
Progress: 79%
Progress: 79%
Progress: 80%
Progress: 80%
Progress: 80%
Progress: 81%
Progress: 81%
Progress: 82%
Progress: 82%
Progress: 82%
Progress: 83%
Progress: 83%
Progress: 83%
Progress: 84%
Progress: 84%
Progress: 85%
Progress: 85%
Progress: 85%
Progress: 86%
Progress: 86%
Progress: 86%
Progress: 86%
Progress: 86%
Progress: 87%
Progress: 88%
Progress: 88%
Progress: 89%
Progress: 89%
Progress: 89%
Progress: 90%
Progress: 90%
Progress: 90%
Progress: 90%
Progress: 91%
Progress: 91%
Progress: 91%
Progress: 92%
Progress: 92%
Progress: 92%
Progress: 93%
Progress: 93%
Progress: 94%
Progress: 94%
Progress: 95%
Progress: 95%
Progress: 95%
Progress: 96%
Progress: 96%
Progress: 97%
Progress: 97%
Progress: 97%
Progress: 98%
Progress: 98%
Progress: 98%
Progress: 99%
Progress: 99%
Progress: 100%
Progress: 100%
End

 ets Jan  8 2013,rst cause:4, boot mode:(3,6)

wdt reset
load 0x4010f000, len 3424, room 16 
tail 0
chksum 0x2e
load 0x3fff20b8, len 40, room 8 
tail 0
chksum 0x2b
csum 0x2b
v0005fe30
